TN:
SF:/usr/include/bits/byteswap.h
FNF:0
FNH:0
DA:34,175
DA:37,175
LF:2
LH:2
end_of_record
TN:
SF:/usr/include/bits/stdio2.h
FNF:0
FNH:0
DA:51,7
DA:54,7
DA:77,42
DA:79,38
DA:84,142
DA:86,141
DA:135,10125
DA:137,10125
DA:166,1009
DA:169,1009
LF:10
LH:10
end_of_record
TN:
SF:/usr/include/bits/string_fortified.h
FNF:0
FNH:0
DA:26,13021
DA:29,13021
DA:57,155
DA:59,155
LF:4
LH:4
end_of_record
TN:
SF:/usr/include/bits/unistd.h
FNF:0
FNH:0
DA:282,86
DA:284,86
LF:2
LH:2
end_of_record
TN:
SF:/usr/include/systemd/sd-bus.h
FNF:0
FNH:0
DA:528,1173
DA:531,935
DA:532,1057
LF:3
LH:3
end_of_record
TN:
SF:/usr/include/systemd/sd-event.h
FNF:0
FNH:0
DA:175,306
DA:176,165
LF:2
LH:2
end_of_record
TN:
SF:/usr/src/debug/bluechi-0.7.0-0.202401051251.gitcbcd280.el9.x86_64/src/agent/agent.c
FN:67,agent_job_op_unref
FN:82,agent_job_new
FN:95,agent_is_connected
FN:99,agent_is_online
FN:110,agent_disconnected
FN:134,agent_heartbeat_timer_callback
FN:165,agent_reset_heartbeat_timer
FN:179,agent_setup_heartbeat_timer
FN:199,systemd_request_ref
FN:204,systemd_request_unref
FN:225,agent_create_request_full
FN:263,systemd_request_start
FN:281,make_unit_path
FN:291,unit_info_clear
FN:298,unit_info_hash
FN:303,unit_info_compare
FN:320,unit_info_update_state_cb
FN:354,unit_info_update_state
FN:378,agent_new
FN:430,agent_ref
FN:438,agent_remove_proxy
FN:477,agent_unref
FN:523,agent_set_port
FN:534,agent_set_manager_address
FN:538,agent_set_orch_address
FN:542,agent_set_host
FN:546,agent_set_name
FN:550,agent_set_heartbeat_interval
FN:562,agent_set_systemd_user
FN:566,agent_parse_config
FN:676,agent_update_unit_infos_for
FN:692,agent_ensure_unit_info
FN:720,agent_method_passthrough_to_systemd_cb
FN:742,agent_method_passthrough_to_systemd
FN:767,list_units_callback
FN:790,agent_method_list_units
FN:812,get_unit_properties_got_properties
FN:834,agent_method_get_unit_properties
FN:883,get_unit_property_got_property
FN:905,agent_method_get_unit_property
FN:953,set_unit_properties_cb
FN:975,agent_method_set_unit_properties
FN:1030,freeze_unit_cb
FN:1052,agent_method_freeze_unit
FN:1088,thaw_unit_cb
FN:1110,agent_method_thaw_unit
FN:1142,agent_job_done
FN:1170,unit_lifecycle_method_callback
FN:1204,agent_run_unit_lifecycle_method
FN:1257,agent_method_start_unit
FN:1265,agent_method_stop_unit
FN:1273,agent_method_restart_unit
FN:1281,agent_method_reload_unit
FN:1289,agent_emit_unit_new
FN:1304,agent_emit_unit_removed
FN:1319,agent_emit_unit_state_changed
FN:1340,agent_method_subscribe
FN:1389,agent_method_unsubscribe
FN:1430,start_dep_callback
FN:1439,agent_method_start_dep
FN:1484,stop_dep_callback
FN:1493,agent_method_stop_dep
FN:1549,agent_method_enable_metrics
FN:1576,agent_method_disable_metrics
FN:1592,agent_method_set_log_level
FN:1657,agent_find_proxy
FN:1671,agent_method_create_proxy
FN:1727,agent_method_remove_proxy
FN:1763,agent_property_get_status
FN:1780,agent_property_get_disconnect_timestamp
FN:1809,job_tracker_free
FN:1821,agent_track_job
FN:1855,agent_match_job_changed
FN:1910,agent_match_unit_changed
FN:1971,agent_match_unit_new
FN:2014,agent_match_unit_removed
FN:2045,agent_match_job_removed
FN:2088,agent_init_units
FN:2154,ensure_orch_address
FN:2222,agent_start
FN:2407,agent_stop
FN:2421,agent_connect
FN:2514,agent_reconnect
FN:2527,stop_proxy_callback
FN:2538,agent_stop_local_proxy_service
FN:2565,agent_send_job_metrics
FNDA:2,get_unit_properties_got_properties
FNDA:36,agent_job_new
FNDA:5,agent_method_get_unit_property
FNDA:2659,agent_match_unit_changed
FNDA:61,agent_setup_heartbeat_timer
FNDA:0,agent_method_reload_unit
FNDA:61,agent_start
FNDA:24,agent_method_subscribe
FNDA:10,stop_dep_callback
FNDA:74,agent_create_request_full
FNDA:86,agent_parse_config
FNDA:12790,agent_ensure_unit_info
FNDA:2,agent_method_passthrough_to_systemd
FNDA:1,freeze_unit_cb
FNDA:85,agent_match_job_changed
FNDA:1,agent_send_job_metrics
FNDA:2,agent_property_get_disconnect_timestamp
FNDA:1732,unit_info_update_state
FNDA:0,agent_set_name
FNDA:38104,unit_info_update_state_cb
FNDA:10,agent_method_stop_dep
FNDA:65,ensure_orch_address
FNDA:194,agent_unref
FNDA:1,agent_method_enable_metrics
FNDA:66,agent_set_port
FNDA:52323,unit_info_hash
FNDA:25,agent_method_start_unit
FNDA:0,agent_set_orch_address
FNDA:10,agent_method_stop_unit
FNDA:110,agent_ref
FNDA:1,agent_method_freeze_unit
FNDA:36,unit_lifecycle_method_callback
FNDA:2,agent_method_passthrough_to_systemd_cb
FNDA:11,agent_method_start_dep
FNDA:0,agent_method_set_log_level
FNDA:0,systemd_request_ref
FNDA:5674,agent_update_unit_infos_for
FNDA:74,systemd_request_start
FNDA:64,agent_property_get_status
FNDA:2,stop_proxy_callback
FNDA:0,agent_is_online
FNDA:1,set_unit_properties_cb
FNDA:11,agent_remove_proxy
FNDA:37,agent_emit_unit_state_changed
FNDA:1,list_units_callback
FNDA:22,agent_heartbeat_timer_callback
FNDA:11,start_dep_callback
FNDA:61,agent_set_systemd_user
FNDA:0,agent_set_manager_address
FNDA:13,agent_emit_unit_removed
FNDA:23,agent_method_unsubscribe
FNDA:11,agent_method_create_proxy
FNDA:61,agent_set_heartbeat_interval
FNDA:4,agent_reconnect
FNDA:5656,agent_match_unit_removed
FNDA:83,agent_reset_heartbeat_timer
FNDA:18,agent_find_proxy
FNDA:5,get_unit_property_got_property
FNDA:7,agent_method_remove_proxy
FNDA:34,job_tracker_free
FNDA:12808,make_unit_path
FNDA:26,agent_emit_unit_new
FNDA:1,agent_method_restart_unit
FNDA:146,systemd_request_unref
FNDA:106,agent_job_op_unref
FNDA:86,agent_new
FNDA:2,agent_disconnected
FNDA:329,agent_match_job_removed
FNDA:20,agent_is_connected
FNDA:65,agent_connect
FNDA:1,agent_method_thaw_unit
FNDA:36,agent_track_job
FNDA:26779,unit_info_compare
FNDA:1,agent_method_set_unit_properties
FNDA:9,agent_stop_local_proxy_service
FNDA:12540,unit_info_clear
FNDA:0,agent_method_disable_metrics
FNDA:1,thaw_unit_cb
FNDA:2,agent_method_get_unit_properties
FNDA:0,agent_set_host
FNDA:61,agent_stop
FNDA:1,agent_method_list_units
FNDA:5693,agent_match_unit_new
FNDA:36,agent_run_unit_lifecycle_method
FNDA:34,agent_job_done
FNDA:61,agent_init_units
FNF:86
FNH:77
DA:62,72
DA:63,72
DA:64,72
DA:67,106
DA:68,106
DA:69,106
DA:73,34
DA:74,34
DA:75,34
DA:76,34
DA:79,36
DA:82,36
DA:83,36
DA:84,36
DA:85,36
DA:86,36
DA:87,36
DA:88,36
DA:89,36
DA:90,36
DA:92,36
DA:95,84
DA:96,84
DA:99,64
DA:100,64
DA:101,62
DA:110,2
DA:111,2
DA:113,2
DA:115,2
DA:116,2
DA:118,2
DA:119,0
DA:121,2
DA:122,2
DA:123,0
DA:127,2
DA:129,2
DA:134,22
DA:135,22
DA:137,22
DA:138,22
DA:139,20
DA:145,20
DA:146,0
DA:148,2
DA:149,2
DA:150,2
DA:151,2
DA:152,1
DA:156,22
DA:157,22
DA:158,0
DA:159,0
DA:165,83
DA:166,166
DA:170,83
DA:179,61
DA:180,61
DA:181,61
DA:183,61
DA:185,61
DA:186,0
DA:190,61
DA:191,61
DA:192,0
DA:196,61
DA:199,72
DA:200,72
DA:201,72
DA:204,146
DA:205,146
DA:207,146
DA:208,146
DA:212,74
DA:213,36
DA:216,74
DA:217,74
DA:218,74
DA:220,74
DA:221,74
DA:222,74
DA:225,74
DA:231,74
DA:232,74
DA:236,74
DA:237,74
DA:238,74
DA:239,74
DA:241,74
DA:243,74
DA:245,74
DA:246,0
DA:253,64
DA:254,64
DA:258,36
DA:259,36
DA:260,36
DA:263,74
DA:264,74
DA:265,74
DA:266,74
DA:267,36
DA:270,74
DA:272,74
DA:273,2
DA:274,2
DA:277,72
DA:278,72
DA:281,12808
DA:282,12808
DA:284,12808
DA:288,12808
DA:291,12540
DA:292,12540
DA:293,12540
DA:294,12540
DA:295,12540
DA:296,12540
DA:298,52323
DA:299,52323
DA:300,52323
DA:303,26779
DA:304,26779
DA:305,26779
DA:307,26779
DA:310,3538
DA:311,3538
DA:320,38104
DA:321,38104
DA:322,38104
DA:324,38104
DA:325,38104
DA:328,5196
DA:329,5196
DA:333,5196
DA:334,5196
DA:338,5196
DA:339,1732
DA:340,3464
DA:341,1732
DA:344,5196
DA:345,5196
DA:354,1732
DA:355,3464
DA:356,1732
DA:357,1732
DA:359,1732
DA:360,1732
DA:361,1732
DA:364,1732
DA:365,1732
DA:366,630
DA:367,630
DA:369,3464
DA:370,650
DA:371,650
DA:372,650
DA:378,86
DA:379,86
DA:380,86
DA:381,86
DA:382,86
DA:383,0
DA:387,86
DA:388,86
DA:389,0
DA:393,172
DA:394,86
DA:395,0
DA:399,86
DA:401,86
DA:405,86
DA:406,86
DA:407,86
DA:408,86
DA:409,86
DA:410,86
DA:411,86
DA:412,86
DA:413,86
DA:415,86
DA:417,86
DA:418,0
DA:421,86
DA:422,86
DA:423,86
DA:424,86
DA:425,86
DA:427,86
DA:430,110
DA:431,110
DA:433,110
DA:434,110
DA:438,11
DA:439,11
DA:441,11
DA:443,11
DA:444,9
DA:445,9
DA:446,0
DA:452,11
DA:453,0
DA:455,0
DA:456,0
DA:458,0
DA:459,0
DA:463,11
DA:464,9
DA:465,9
DA:466,2
DA:470,11
DA:472,11
DA:473,11
DA:474,11
DA:475,11
DA:477,194
DA:478,194
DA:480,194
DA:481,194
DA:485,84
DA:488,84
DA:490,84
DA:492,84
DA:493,84
DA:494,84
DA:495,84
DA:496,84
DA:498,84
DA:499,84
DA:502,84
DA:503,1
DA:506,84
DA:507,59
DA:509,84
DA:510,59
DA:512,84
DA:513,59
DA:516,84
DA:517,84
DA:518,84
DA:520,84
DA:523,66
DA:524,66
DA:526,66
DA:527,5
DA:528,5
DA:530,61
DA:531,61
DA:534,0
DA:535,0
DA:538,65
DA:539,0
DA:542,66
DA:543,0
DA:546,66
DA:547,0
DA:550,61
DA:551,61
DA:553,61
DA:554,0
DA:555,0
DA:557,61
DA:558,61
DA:562,61
DA:563,61
DA:564,61
DA:566,86
DA:567,86
DA:569,86
DA:570,86
DA:571,0
DA:572,0
DA:575,86
DA:576,86
DA:577,0
DA:578,0
DA:580,86
DA:582,86
DA:586,71
DA:587,5
DA:588,5
DA:589,5
DA:593,5
DA:594,0
DA:595,0
DA:596,0
DA:602,66
DA:604,66
DA:605,66
DA:606,66
DA:607,66
DA:612,66
DA:613,66
DA:614,66
DA:619,66
DA:620,66
DA:621,66
DA:626,61
DA:627,61
DA:628,0
DA:633,61
DA:634,61
DA:635,61
DA:641,61
DA:642,61
DA:643,61
DA:644,0
DA:645,0
DA:648,61
DA:649,61
DA:650,61
DA:651,0
DA:652,0
DA:655,61
DA:656,61
DA:657,61
DA:658,0
DA:659,0
DA:662,61
DA:664,61
DA:665,0
DA:666,0
DA:670,147
DA:671,61
DA:673,61
DA:676,5674
DA:677,5674
DA:678,5656
DA:679,5656
DA:680,5656
DA:681,5656
DA:684,5674
DA:686,33895
DA:687,33895
DA:689,67790
DA:692,12790
DA:693,25580
DA:694,12790
DA:695,12790
DA:699,12790
DA:700,12772
DA:704,12772
DA:706,12772
DA:707,12772
DA:711,12772
DA:714,12772
DA:715,12772
DA:717,12772
DA:720,2
DA:722,2
DA:724,2
DA:725,0
DA:728,2
DA:729,2
DA:730,2
DA:734,2
DA:735,2
DA:739,2
DA:742,2
DA:743,2
DA:744,4
DA:746,2
DA:747,0
DA:750,2
DA:751,2
DA:752,0
DA:756,2
DA:757,0
DA:767,1
DA:768,1
DA:770,1
DA:772,0
DA:775,1
DA:777,1
DA:778,1
DA:782,1
DA:783,1
DA:787,1
DA:790,1
DA:791,1
DA:793,2
DA:794,1
DA:795,0
DA:801,1
DA:802,0
DA:812,2
DA:813,2
DA:815,2
DA:817,0
DA:820,2
DA:821,2
DA:822,2
DA:826,2
DA:827,2
DA:831,2
DA:834,2
DA:835,2
DA:836,2
DA:837,2
DA:838,2
DA:840,2
DA:841,2
DA:842,0
DA:849,2
DA:850,2
DA:851,0
DA:854,4
DA:856,2
DA:857,0
DA:863,2
DA:864,2
DA:865,0
DA:872,2
DA:873,0
DA:883,5
DA:884,5
DA:886,5
DA:888,0
DA:891,5
DA:892,5
DA:893,5
DA:897,5
DA:898,5
DA:902,5
DA:905,5
DA:906,5
DA:907,5
DA:908,5
DA:909,5
DA:910,5
DA:912,5
DA:913,5
DA:914,0
DA:921,5
DA:922,5
DA:923,0
DA:926,10
DA:928,5
DA:929,0
DA:933,5
DA:934,5
DA:935,0
DA:942,5
DA:943,0
DA:953,1
DA:954,1
DA:956,1
DA:958,0
DA:961,1
DA:962,1
DA:963,1
DA:967,1
DA:968,1
DA:972,1
DA:975,1
DA:976,1
DA:977,1
DA:978,1
DA:979,1
DA:981,1
DA:982,1
DA:983,0
DA:990,1
DA:991,1
DA:992,0
DA:995,2
DA:997,1
DA:998,0
DA:1004,1
DA:1005,1
DA:1006,0
DA:1013,1
DA:1014,1
DA:1015,0
DA:1019,1
DA:1020,0
DA:1030,1
DA:1031,1
DA:1033,1
DA:1035,0
DA:1038,1
DA:1039,1
DA:1040,1
DA:1044,1
DA:1045,1
DA:1049,1
DA:1052,1
DA:1053,1
DA:1054,1
DA:1055,1
DA:1057,1
DA:1058,1
DA:1059,0
DA:1063,1
DA:1064,1
DA:1065,0
DA:1068,2
DA:1070,1
DA:1071,0
DA:1077,1
DA:1078,0
DA:1088,1
DA:1089,1
DA:1091,1
DA:1093,0
DA:1096,1
DA:1097,1
DA:1098,1
DA:1102,1
DA:1103,1
DA:1107,1
DA:1110,1
DA:1111,1
DA:1112,1
DA:1113,1
DA:1115,1
DA:1116,1
DA:1117,0
DA:1121,1
DA:1122,1
DA:1123,0
DA:1126,2
DA:1128,1
DA:1129,0
DA:1135,1
DA:1136,0
DA:1142,34
DA:1143,34
DA:1144,34
DA:1146,34
DA:1147,1
DA:1152,1
DA:1155,34
DA:1157,34
DA:1165,34
DA:1166,1
DA:1168,34
DA:1170,36
DA:1171,36
DA:1172,36
DA:1173,36
DA:1175,36
DA:1177,0
DA:1180,36
DA:1181,36
DA:1182,0
DA:1189,36
DA:1191,36
DA:1195,36
DA:1197,0
DA:1201,36
DA:1204,36
DA:1205,36
DA:1206,36
DA:1207,36
DA:1209,36
DA:1210,36
DA:1211,0
DA:1218,36
DA:1220,72
DA:1221,36
DA:1222,0
DA:1230,72
DA:1231,36
DA:1232,0
DA:1235,36
DA:1237,36
DA:1238,36
DA:1239,0
DA:1246,36
DA:1247,0
DA:1257,25
DA:1258,25
DA:1265,10
DA:1266,10
DA:1273,1
DA:1274,1
DA:1281,0
DA:1282,0
DA:1289,26
DA:1290,26
DA:1291,26
DA:1299,26
DA:1300,0
DA:1302,26
DA:1304,13
DA:1305,13
DA:1307,13
DA:1314,13
DA:1315,0
DA:1317,13
DA:1319,37
DA:1320,74
DA:1325,74
DA:1335,37
DA:1336,0
DA:1338,37
DA:1340,24
DA:1341,24
DA:1342,24
DA:1343,24
DA:1344,24
DA:1345,0
DA:1349,24
DA:1350,6
DA:1351,6
DA:1354,6
DA:1356,6
DA:1357,6
DA:1359,6
DA:1362,18
DA:1363,18
DA:1364,0
DA:1367,18
DA:1368,0
DA:1371,18
DA:1373,18
DA:1375,0
DA:1377,0
DA:1378,0
DA:1382,18
DA:1389,23
DA:1390,23
DA:1391,23
DA:1392,23
DA:1393,23
DA:1394,0
DA:1398,23
DA:1399,5
DA:1400,0
DA:1403,5
DA:1404,5
DA:1407,41
DA:1408,18
DA:1409,0
DA:1412,18
DA:1413,18
DA:1414,0
DA:1417,18
DA:1418,18
DA:1419,18
DA:1426,21
DA:1427,21
DA:1430,11
DA:1431,22
DA:1433,11
DA:1434,2
DA:1436,22
DA:1439,11
DA:1440,11
DA:1441,11
DA:1443,11
DA:1444,11
DA:1445,0
DA:1449,22
DA:1450,11
DA:1451,0
DA:1454,11
DA:1456,22
DA:1457,11
DA:1458,0
DA:1464,11
DA:1465,11
DA:1466,0
DA:1473,11
DA:1474,0
DA:1484,10
DA:1485,20
DA:1487,10
DA:1488,0
DA:1490,20
DA:1493,10
DA:1494,10
DA:1495,10
DA:1497,10
DA:1498,10
DA:1499,0
DA:1503,20
DA:1504,10
DA:1505,0
DA:1508,10
DA:1510,20
DA:1511,10
DA:1512,0
DA:1518,10
DA:1519,10
DA:1520,0
DA:1527,10
DA:1528,0
DA:1549,1
DA:1550,1
DA:1551,1
DA:1553,1
DA:1554,0
DA:1556,1
DA:1557,1
DA:1564,1
DA:1565,0
DA:1566,0
DA:1568,1
DA:1569,1
DA:1576,0
DA:1577,0
DA:1579,0
DA:1580,0
DA:1582,0
DA:1583,0
DA:1584,0
DA:1585,0
DA:1592,0
DA:1594,0
DA:1595,0
DA:1596,0
DA:1597,0
DA:1598,0
DA:1601,0
DA:1602,0
DA:1603,0
DA:1604,0
DA:1606,0
DA:1607,0
DA:1608,0
DA:1657,18
DA:1659,18
DA:1661,18
DA:1662,5
DA:1663,5
DA:1664,5
DA:1671,11
DA:1672,11
DA:1673,22
DA:1674,11
DA:1675,11
DA:1676,11
DA:1677,11
DA:1678,11
DA:1679,0
DA:1686,11
DA:1688,11
DA:1689,11
DA:1690,0
DA:1693,22
DA:1695,11
DA:1696,0
DA:1700,11
DA:1701,0
DA:1705,11
DA:1706,11
DA:1707,0
DA:1708,0
DA:1712,11
DA:1727,7
DA:1728,7
DA:1729,7
DA:1730,7
DA:1731,7
DA:1732,7
DA:1733,7
DA:1734,0
DA:1741,7
DA:1743,7
DA:1744,7
DA:1747,2
DA:1751,5
DA:1753,5
DA:1755,5
DA:1763,64
DA:1771,64
DA:1773,128
DA:1780,2
DA:1788,2
DA:1790,2
DA:1809,34
DA:1810,34
DA:1811,34
DA:1813,34
DA:1814,34
DA:1815,34
DA:1817,0
DA:1821,36
DA:1826,72
DA:1827,36
DA:1831,36
DA:1832,36
DA:1843,36
DA:1844,36
DA:1845,36
DA:1846,36
DA:1848,36
DA:1850,36
DA:1855,85
DA:1856,85
DA:1857,85
DA:1858,85
DA:1859,85
DA:1860,85
DA:1861,85
DA:1863,85
DA:1864,85
DA:1865,0
DA:1866,0
DA:1870,85
DA:1875,97
DA:1876,14
DA:1877,2
DA:1878,2
DA:1882,85
DA:1886,2
DA:1887,2
DA:1888,0
DA:1891,0
DA:1892,0
DA:1895,2
DA:1903,2
DA:1904,1
DA:1910,2659
DA:1911,2659
DA:1912,2659
DA:1914,2659
DA:1915,2659
DA:1916,2659
DA:1919,2659
DA:1920,2659
DA:1924,2659
DA:1925,1732
DA:1926,1732
DA:1927,37
DA:1931,2659
DA:1936,168
DA:1937,168
DA:1939,168
DA:1942,2659
DA:1943,168
DA:1949,168
DA:1953,168
DA:1954,168
DA:1958,168
DA:1959,168
DA:1963,168
DA:1964,168
DA:1968,168
DA:1971,5693
DA:1972,5693
DA:1973,5693
DA:1974,5693
DA:1976,5693
DA:1977,5693
DA:1978,5693
DA:1981,5693
DA:1982,5693
DA:1986,5693
DA:1998,5693
DA:1999,5693
DA:2000,0
DA:2002,5693
DA:2004,5693
DA:2006,20
DA:2014,5656
DA:2015,5656
DA:2016,5656
DA:2017,5656
DA:2019,5656
DA:2020,5656
DA:2021,5656
DA:2024,5656
DA:2025,5656
DA:2029,5656
DA:2030,5656
DA:2031,5656
DA:2033,5656
DA:2035,13
DA:2039,5656
DA:2045,329
DA:2046,329
DA:2047,329
DA:2048,329
DA:2049,329
DA:2050,329
DA:2051,329
DA:2052,329
DA:2054,329
DA:2055,329
DA:2056,0
DA:2057,0
DA:2060,329
DA:2062,352
DA:2063,57
DA:2064,34
DA:2065,34
DA:2066,34
DA:2088,61
DA:2089,61
DA:2090,61
DA:2099,7140
DA:2100,7079
DA:2101,7079
DA:2102,0
DA:2106,7079
DA:2108,7079
DA:2111,7079
DA:2124,7079
DA:2125,0
DA:2128,7079
DA:2129,7079
DA:2130,7079
DA:2131,7079
DA:2132,7079
DA:2133,7079
DA:2134,0
DA:2136,7079
DA:2139,7079
DA:2140,7079
DA:2141,0
DA:2146,61
DA:2147,61
DA:2154,65
DA:2155,65
DA:2157,65
DA:2158,65
DA:2161,65
DA:2162,0
DA:2165,65
DA:2166,0
DA:2167,0
DA:2170,65
DA:2171,65
DA:2172,65
DA:2174,65
DA:2175,65
DA:2176,4
DA:2177,4
DA:2178,0
DA:2181,4
DA:2182,4
DA:2185,65
DA:2186,61
DA:2187,61
DA:2188,61
DA:2189,61
DA:2190,61
DA:2191,61
DA:2192,0
DA:2193,0
DA:2195,122
DA:2196,61
DA:2199,61
DA:2200,4
DA:2201,4
DA:2202,4
DA:2203,4
DA:2204,4
DA:2205,4
DA:2206,4
DA:2207,0
DA:2208,0
DA:2210,8
DA:2211,4
DA:2214,4
DA:2216,0
DA:2219,65
DA:2222,61
DA:2223,61
DA:2224,61
DA:2226,61
DA:2228,61
DA:2229,61
DA:2232,61
DA:2233,0
DA:2234,0
DA:2237,61
DA:2242,61
DA:2243,0
DA:2245,61
DA:2248,61
DA:2249,0
DA:2250,0
DA:2253,61
DA:2255,61
DA:2256,0
DA:2257,0
DA:2260,61
DA:2261,61
DA:2262,0
DA:2263,0
DA:2266,61
DA:2267,0
DA:2269,61
DA:2271,61
DA:2272,0
DA:2273,0
DA:2276,61
DA:2277,61
DA:2286,61
DA:2287,0
DA:2288,0
DA:2292,61
DA:2298,61
DA:2299,0
DA:2303,61
DA:2309,61
DA:2310,0
DA:2314,61
DA:2323,61
DA:2324,0
DA:2328,61
DA:2337,61
DA:2338,0
DA:2342,61
DA:2351,61
DA:2352,0
DA:2356,61
DA:2357,61
DA:2366,61
DA:2367,0
DA:2368,0
DA:2372,61
DA:2373,61
DA:2377,61
DA:2381,61
DA:2382,61
DA:2383,0
DA:2387,61
DA:2388,61
DA:2389,0
DA:2393,61
DA:2394,1
DA:2395,1
DA:2398,61
DA:2399,61
DA:2400,0
DA:2407,61
DA:2408,61
DA:2412,61
DA:2413,61
DA:2414,63
DA:2415,2
DA:2421,65
DA:2422,65
DA:2424,65
DA:2426,65
DA:2427,65
DA:2428,0
DA:2429,0
DA:2432,65
DA:2434,65
DA:2441,65
DA:2442,0
DA:2443,0
DA:2446,65
DA:2447,65
DA:2448,65
DA:2458,65
DA:2459,4
DA:2460,4
DA:2464,61
DA:2465,61
DA:2466,0
DA:2470,61
DA:2472,61
DA:2473,61
DA:2474,61
DA:2476,61
DA:2478,61
DA:2479,0
DA:2482,61
DA:2492,61
DA:2493,0
DA:2499,61
DA:2500,61
DA:2501,61
DA:2502,0
DA:2503,0
DA:2504,0
DA:2514,4
DA:2517,4
DA:2518,4
DA:2520,4
DA:2524,4
DA:2527,2
DA:2528,4
DA:2530,2
DA:2531,0
DA:2534,4
DA:2538,9
DA:2539,9
DA:2540,9
DA:2543,4
DA:2546,4
DA:2547,13
DA:2548,4
DA:2552,4
DA:2553,4
DA:2557,4
DA:2558,2
DA:2565,1
DA:2566,1
DA:2567,1
DA:2576,1
DA:2577,0
DA:2580,1
LF:1101
LH:901
end_of_record
TN:
SF:/usr/src/debug/bluechi-0.7.0-0.202401051251.gitcbcd280.el9.x86_64/src/agent/agent.h
FNF:0
FNH:0
DA:38,146
DA:121,86
LF:2
LH:2
end_of_record
TN:
SF:/usr/src/debug/bluechi-0.7.0-0.202401051251.gitcbcd280.el9.x86_64/src/agent/proxy.c
FN:26,proxy_service_initial_state_reached
FN:56,proxy_service_target_stopped
FN:65,proxy_service_method_target_state_changed
FN:135,proxy_service_method_target_new
FN:153,proxy_service_method_target_removed
FN:187,proxy_service_method_error
FN:208,proxy_service_new
FN:248,proxy_service_ref
FN:253,proxy_service_unref
FN:273,proxy_service_export
FN:288,proxy_service_unexport
FN:293,proxy_service_emit_proxy_new
FN:316,proxy_service_emit_proxy_removed
FNDA:2,proxy_service_method_target_removed
FNDA:11,proxy_service_new
FNDA:11,proxy_service_method_target_new
FNDA:11,proxy_service_export
FNDA:11,proxy_service_ref
FNDA:11,proxy_service_unexport
FNDA:2,proxy_service_target_stopped
FNDA:11,proxy_service_emit_proxy_new
FNDA:11,proxy_service_initial_state_reached
FNDA:18,proxy_service_method_target_state_changed
FNDA:9,proxy_service_emit_proxy_removed
FNDA:53,proxy_service_unref
FNDA:0,proxy_service_method_error
FNF:13
FNH:12
DA:26,11
DA:27,11
DA:28,11
DA:30,11
DA:32,11
DA:33,9
DA:34,9
DA:35,9
DA:37,2
DA:38,2
DA:44,11
DA:45,0
DA:48,11
DA:49,11
DA:51,11
DA:52,2
DA:54,11
DA:56,2
DA:57,2
DA:59,2
DA:61,2
DA:62,2
DA:63,2
DA:65,18
DA:67,18
DA:68,18
DA:70,18
DA:71,0
DA:75,18
DA:76,18
DA:77,18
DA:78,18
DA:79,18
DA:80,0
DA:87,18
DA:89,18
DA:95,18
DA:119,9
DA:120,9
DA:121,0
DA:122,0
DA:123,0
DA:125,9
DA:127,9
DA:128,2
DA:132,18
DA:135,11
DA:136,11
DA:137,11
DA:138,11
DA:139,0
DA:142,11
DA:143,11
DA:144,11
DA:145,0
DA:148,11
DA:150,11
DA:153,2
DA:154,2
DA:155,2
DA:156,2
DA:157,0
DA:160,2
DA:161,2
DA:162,2
DA:163,0
DA:170,2
DA:176,2
DA:177,2
DA:180,2
DA:187,0
DA:188,0
DA:189,0
DA:191,0
DA:192,0
DA:195,0
DA:196,0
DA:197,0
DA:198,0
DA:201,0
DA:203,0
DA:205,0
DA:208,11
DA:214,11
DA:216,11
DA:217,11
DA:221,11
DA:222,11
DA:223,11
DA:224,11
DA:225,11
DA:227,11
DA:228,11
DA:231,11
DA:232,11
DA:235,11
DA:236,11
DA:240,11
DA:241,11
DA:248,42
DA:249,42
DA:250,31
DA:253,53
DA:254,53
DA:255,53
DA:260,11
DA:261,11
DA:263,11
DA:264,11
DA:266,11
DA:267,11
DA:268,11
DA:269,11
DA:270,11
DA:273,11
DA:274,22
DA:275,11
DA:277,11
DA:281,11
DA:282,0
DA:283,0
DA:288,11
DA:289,11
DA:290,11
DA:291,11
DA:293,11
DA:294,11
DA:296,11
DA:300,11
DA:301,11
DA:310,11
DA:311,11
DA:316,9
DA:317,9
DA:320,9
DA:324,9
DA:328,9
DA:329,9
DA:330,9
LF:139
LH:115
end_of_record
TN:
SF:/usr/src/debug/bluechi-0.7.0-0.202401051251.gitcbcd280.el9.x86_64/src/agent/proxy.h
FNF:0
FNH:0
DA:45,42
LF:1
LH:1
end_of_record
TN:
SF:/usr/src/debug/bluechi-0.7.0-0.202401051251.gitcbcd280.el9.x86_64/src/client/client.c
FN:15,new_client
FN:30,client_ref
FN:35,client_unref
FN:51,wait_for_job
FN:83,match_job_removed_signal
FN:109,method_lifecycle_action_on
FN:175,method_metrics_toggle
FN:198,match_start_unit_job_metrics_signal
FN:226,match_agent_job_metrics_signal
FN:246,method_metrics_listen
FN:306,create_message_new_method_call
FN:332,add_string_array_to_message
FN:355,parse_enable_disable_response_from_message
FN:389,method_enable_unit_on
FN:441,method_disable_unit_on
FN:479,method_daemon_reload_on
FN:506,method_set_log_level
FN:557,method_freeze_unit_on
FN:587,method_thaw_unit_on
FN:618,client_call_manager
FN:762,print_client_usage
FNDA:21,wait_for_job
FNDA:0,method_metrics_listen
FNDA:1,parse_enable_disable_response_from_message
FNDA:1,method_freeze_unit_on
FNDA:1,method_thaw_unit_on
FNDA:0,match_agent_job_metrics_signal
FNDA:2,create_message_new_method_call
FNDA:0,print_client_usage
FNDA:1,method_enable_unit_on
FNDA:0,method_disable_unit_on
FNDA:21,method_lifecycle_action_on
FNDA:1,method_daemon_reload_on
FNDA:0,match_start_unit_job_metrics_signal
FNDA:26,client_unref
FNDA:26,new_client
FNDA:1,add_string_array_to_message
FNDA:26,client_call_manager
FNDA:21,match_job_removed_signal
FNDA:0,method_metrics_toggle
FNDA:0,client_ref
FNDA:0,method_set_log_level
FNF:21
FNH:13
DA:15,26
DA:16,26
DA:17,26
DA:21,26
DA:22,26
DA:23,26
DA:24,26
DA:25,26
DA:27,26
DA:30,0
DA:31,0
DA:32,0
DA:35,26
DA:36,26
DA:37,26
DA:41,26
DA:42,26
DA:44,26
DA:45,25
DA:48,26
DA:51,21
DA:52,21
DA:54,21
DA:55,21
DA:57,63
DA:59,63
DA:60,63
DA:61,0
DA:62,0
DA:66,63
DA:67,21
DA:70,42
DA:71,21
DA:75,21
DA:76,21
DA:77,0
DA:78,0
DA:83,21
DA:84,21
DA:85,21
DA:86,21
DA:87,21
DA:89,21
DA:90,21
DA:93,21
DA:94,21
DA:95,0
DA:96,0
DA:99,21
DA:101,21
DA:102,21
DA:103,21
DA:109,21
DA:110,0
DA:111,21
DA:112,0
DA:113,21
DA:114,21
DA:115,21
DA:117,21
DA:118,21
DA:122,21
DA:132,21
DA:133,0
DA:137,42
DA:140,21
DA:148,21
DA:149,0
DA:153,21
DA:154,21
DA:155,0
DA:159,21
DA:160,21
DA:164,21
DA:165,21
DA:166,0
DA:170,42
DA:175,0
DA:176,0
DA:177,0
DA:178,0
DA:180,0
DA:189,0
DA:190,0
DA:194,0
DA:198,0
DA:200,0
DA:201,0
DA:202,0
DA:203,0
DA:204,0
DA:205,0
DA:207,0
DA:209,0
DA:210,0
DA:211,0
DA:214,0
DA:226,0
DA:227,0
DA:228,0
DA:229,0
DA:230,0
DA:231,0
DA:232,0
DA:233,0
DA:234,0
DA:235,0
DA:238,0
DA:246,0
DA:247,0
DA:249,0
DA:250,0
DA:251,0
DA:252,0
DA:256,0
DA:257,0
DA:258,0
DA:262,0
DA:271,0
DA:272,0
DA:276,0
DA:285,0
DA:286,0
DA:290,0
DA:291,0
DA:292,0
DA:296,0
DA:297,0
DA:298,0
DA:299,0
DA:306,2
DA:308,2
DA:309,2
DA:311,2
DA:312,2
DA:316,4
DA:320,2
DA:323,2
DA:324,2
DA:328,2
DA:329,2
DA:332,1
DA:333,1
DA:334,1
DA:336,1
DA:337,1
DA:338,0
DA:342,2
DA:343,1
DA:346,1
DA:347,1
DA:348,1
DA:355,1
DA:356,1
DA:358,1
DA:359,1
DA:360,0
DA:361,0
DA:364,3
DA:365,2
DA:366,2
DA:367,2
DA:369,2
DA:370,2
DA:371,0
DA:372,0
DA:374,2
DA:377,1
DA:378,1
DA:379,0
DA:380,0
DA:382,1
DA:386,1
DA:389,1
DA:391,1
DA:392,0
DA:393,1
DA:394,1
DA:396,1
DA:397,1
DA:398,0
DA:402,1
DA:403,1
DA:404,0
DA:407,1
DA:408,1
DA:409,0
DA:413,1
DA:414,1
DA:415,0
DA:419,1
DA:420,1
DA:421,1
DA:422,0
DA:426,1
DA:427,1
DA:429,0
DA:432,1
DA:433,1
DA:434,1
DA:441,0
DA:442,0
DA:443,0
DA:444,0
DA:445,0
DA:447,0
DA:448,0
DA:449,0
DA:453,0
DA:454,0
DA:455,0
DA:458,0
DA:459,0
DA:460,0
DA:464,0
DA:465,0
DA:466,0
DA:470,0
DA:471,0
DA:472,0
DA:479,1
DA:480,1
DA:481,0
DA:482,1
DA:484,1
DA:485,1
DA:489,2
DA:492,1
DA:498,1
DA:499,1
DA:506,0
DA:507,0
DA:508,0
DA:509,0
DA:511,0
DA:512,0
DA:513,0
DA:514,0
DA:515,0
DA:517,0
DA:518,0
DA:519,0
DA:523,0
DA:533,0
DA:534,0
DA:539,0
DA:549,0
DA:550,0
DA:557,1
DA:558,1
DA:559,0
DA:560,1
DA:562,1
DA:563,1
DA:567,2
DA:570,1
DA:577,1
DA:578,0
DA:582,1
DA:587,1
DA:588,1
DA:589,0
DA:590,1
DA:592,1
DA:593,1
DA:597,2
DA:600,1
DA:607,1
DA:608,0
DA:612,1
DA:618,26
DA:619,26
DA:624,26
DA:626,26
DA:627,0
DA:628,0
DA:631,26
DA:632,0
DA:633,26
DA:634,1
DA:635,0
DA:636,0
DA:637,0
DA:640,1
DA:641,1
DA:642,1
DA:644,25
DA:645,13
DA:648,13
DA:649,12
DA:650,8
DA:653,8
DA:654,4
DA:655,1
DA:658,1
DA:659,3
DA:660,1
DA:663,1
DA:664,2
DA:665,0
DA:668,0
DA:669,2
DA:670,0
DA:673,0
DA:674,2
DA:676,0
DA:677,0
DA:681,0
DA:682,0
DA:683,0
DA:686,0
DA:687,0
DA:688,0
DA:689,0
DA:690,0
DA:691,0
DA:692,0
DA:696,0
DA:697,2
DA:698,0
DA:700,0
DA:701,0
DA:702,0
DA:703,0
DA:704,0
DA:705,0
DA:707,2
DA:708,1
DA:711,2
DA:712,1
DA:713,1
DA:714,0
DA:716,0
DA:719,1
DA:721,1
DA:722,0
DA:725,0
DA:726,0
DA:727,0
DA:728,0
DA:730,0
DA:733,0
DA:735,1
DA:736,0
DA:739,0
DA:740,1
DA:741,1
DA:744,1
DA:745,0
DA:746,0
DA:747,0
DA:748,0
DA:749,0
DA:753,0
DA:754,0
DA:762,0
DA:763,0
DA:764,0
DA:765,0
DA:766,0
DA:767,0
DA:768,0
DA:769,0
DA:770,0
DA:771,0
DA:772,0
DA:773,0
DA:774,0
DA:775,0
DA:776,0
DA:777,0
DA:778,0
DA:779,0
DA:780,0
DA:781,0
DA:782,0
DA:783,0
DA:784,0
DA:785,0
DA:786,0
DA:787,0
DA:788,0
DA:789,0
DA:790,0
DA:791,0
DA:792,0
DA:793,0
DA:794,0
DA:795,0
DA:796,0
LF:390
LH:182
end_of_record
TN:
SF:/usr/src/debug/bluechi-0.7.0-0.202401051251.gitcbcd280.el9.x86_64/src/client/method_list_units.c
FN:7,fetch_unit_list
FN:53,method_list_units_on_all
FN:73,method_list_units_on
FN:106,new_unit_list
FN:119,unit_list_ref
FN:124,unit_list_unref
FN:138,print_unit_list_simple
FNDA:1,method_list_units_on
FNDA:1,print_unit_list_simple
FNDA:1,new_unit_list
FNDA:0,unit_list_ref
FNDA:0,method_list_units_on_all
FNDA:1,unit_list_unref
FNDA:1,fetch_unit_list
FNF:7
FNH:5
DA:7,1
DA:15,1
DA:16,0
DA:17,1
DA:19,1
DA:21,1
DA:22,0
DA:26,1
DA:27,1
DA:28,0
DA:32,118
DA:33,119
DA:35,118
DA:36,118
DA:37,0
DA:38,0
DA:40,118
DA:43,117
DA:44,117
DA:47,6787
DA:53,0
DA:54,0
DA:56,0
DA:64,0
DA:68,0
DA:73,1
DA:75,1
DA:76,2
DA:78,1
DA:79,1
DA:80,1
DA:84,1
DA:92,1
DA:96,1
DA:106,1
DA:107,2
DA:109,1
DA:113,1
DA:114,1
DA:116,1
DA:119,0
DA:120,0
DA:121,0
DA:124,1
DA:125,1
DA:126,1
DA:130,1
DA:131,118
DA:132,117
DA:134,1
DA:138,1
DA:139,1
DA:140,1
DA:141,1
DA:142,118
DA:143,117
DA:144,117
DA:151,1
LF:58
LH:45
end_of_record
TN:
SF:/usr/src/debug/bluechi-0.7.0-0.202401051251.gitcbcd280.el9.x86_64/src/client/method_list_units.h
FNF:0
FNH:0
DA:27,1
LF:1
LH:1
end_of_record
TN:
SF:/usr/src/debug/bluechi-0.7.0-0.202401051251.gitcbcd280.el9.x86_64/src/client/method_monitor.c
FN:9,start_event_loop
FN:42,on_unit_new_signal
FN:57,on_unit_removed_signal
FN:72,on_unit_state_changed_signal
FN:93,on_unit_properties_changed_signal
FN:164,method_monitor_units_on_nodes
FN:321,node_new
FN:347,nodes_new
FN:356,node_connection_fmt_last_seen
FN:369,node_unref
FN:390,nodes_unref
FN:408,print_nodes
FN:429,fetch_last_seen_timestamp_property
FN:457,parse_status_from_changed_properties
FN:514,on_node_connection_state_changed
FN:547,method_monitor_node_connection_state
FNDA:0,nodes_unref
FNDA:0,method_monitor_node_connection_state
FNDA:0,fetch_last_seen_timestamp_property
FNDA:0,node_connection_fmt_last_seen
FNDA:0,on_unit_state_changed_signal
FNDA:0,method_monitor_units_on_nodes
FNDA:0,node_unref
FNDA:0,parse_status_from_changed_properties
FNDA:0,on_unit_properties_changed_signal
FNDA:0,on_node_connection_state_changed
FNDA:0,start_event_loop
FNDA:0,on_unit_new_signal
FNDA:0,on_unit_removed_signal
FNDA:0,node_new
FNDA:0,nodes_new
FNDA:0,print_nodes
FNF:16
FNH:0
DA:9,0
DA:10,0
DA:11,0
DA:12,0
DA:13,0
DA:17,0
DA:18,0
DA:19,0
DA:23,0
DA:24,0
DA:25,0
DA:29,0
DA:30,0
DA:31,0
DA:42,0
DA:43,0
DA:45,0
DA:46,0
DA:47,0
DA:48,0
DA:49,0
DA:52,0
DA:57,0
DA:58,0
DA:60,0
DA:61,0
DA:62,0
DA:63,0
DA:64,0
DA:67,0
DA:72,0
DA:73,0
DA:74,0
DA:76,0
DA:77,0
DA:78,0
DA:79,0
DA:80,0
DA:83,0
DA:93,0
DA:95,0
DA:97,0
DA:98,0
DA:99,0
DA:100,0
DA:101,0
DA:104,0
DA:106,0
DA:107,0
DA:108,0
DA:109,0
DA:113,0
DA:114,0
DA:115,0
DA:119,0
DA:120,0
DA:121,0
DA:122,0
DA:123,0
DA:125,0
DA:129,0
DA:130,0
DA:131,0
DA:132,0
DA:133,0
DA:136,0
DA:137,0
DA:138,0
DA:139,0
DA:140,0
DA:142,0
DA:143,0
DA:144,0
DA:145,0
DA:146,0
DA:148,0
DA:150,0
DA:153,0
DA:154,0
DA:155,0
DA:156,0
DA:160,0
DA:164,0
DA:165,0
DA:166,0
DA:167,0
DA:168,0
DA:170,0
DA:179,0
DA:180,0
DA:184,0
DA:185,0
DA:186,0
DA:190,0
DA:192,0
DA:201,0
DA:202,0
DA:206,0
DA:215,0
DA:216,0
DA:220,0
DA:229,0
DA:230,0
DA:234,0
DA:243,0
DA:244,0
DA:248,0
DA:249,0
DA:251,0
DA:252,0
DA:256,0
DA:258,0
DA:259,0
DA:260,0
DA:265,0
DA:266,0
DA:267,0
DA:268,0
DA:272,0
DA:273,0
DA:275,0
DA:278,0
DA:279,0
DA:280,0
DA:284,0
DA:285,0
DA:286,0
DA:290,0
DA:321,0
DA:327,0
DA:328,0
DA:331,0
DA:332,0
DA:333,0
DA:334,0
DA:335,0
DA:337,0
DA:338,0
DA:339,0
DA:340,0
DA:341,0
DA:342,0
DA:343,0
DA:347,0
DA:348,0
DA:349,0
DA:350,0
DA:356,0
DA:357,0
DA:358,0
DA:359,0
DA:360,0
DA:363,0
DA:364,0
DA:365,0
DA:366,0
DA:369,0
DA:370,0
DA:374,0
DA:375,0
DA:376,0
DA:377,0
DA:378,0
DA:381,0
DA:385,0
DA:386,0
DA:390,0
DA:391,0
DA:395,0
DA:396,0
DA:397,0
DA:398,0
DA:401,0
DA:402,0
DA:405,0
DA:408,0
DA:410,0
DA:411,0
DA:414,0
DA:415,0
DA:417,0
DA:418,0
DA:419,0
DA:420,0
DA:421,0
DA:423,0
DA:426,0
DA:429,0
DA:431,0
DA:432,0
DA:434,0
DA:443,0
DA:447,0
DA:448,0
DA:449,0
DA:452,0
DA:454,0
DA:457,0
DA:458,0
DA:459,0
DA:460,0
DA:463,0
DA:464,0
DA:465,0
DA:466,0
DA:469,0
DA:470,0
DA:471,0
DA:475,0
DA:476,0
DA:477,0
DA:478,0
DA:479,0
DA:481,0
DA:486,0
DA:491,0
DA:492,0
DA:493,0
DA:494,0
DA:496,0
DA:497,0
DA:498,0
DA:499,0
DA:500,0
DA:502,0
DA:504,0
DA:505,0
DA:506,0
DA:507,0
DA:511,0
DA:514,0
DA:515,0
DA:517,0
DA:519,0
DA:520,0
DA:521,0
DA:524,0
DA:525,0
DA:529,0
DA:530,0
DA:531,0
DA:532,0
DA:534,0
DA:539,0
DA:540,0
DA:542,0
DA:547,0
DA:548,0
DA:549,0
DA:550,0
DA:552,0
DA:561,0
DA:562,0
DA:566,0
DA:567,0
DA:568,0
DA:572,0
DA:573,0
DA:574,0
DA:577,0
DA:578,0
DA:579,0
DA:580,0
DA:581,0
DA:583,0
DA:584,0
DA:585,0
DA:586,0
DA:589,0
DA:590,0
DA:591,0
DA:592,0
DA:600,0
DA:601,0
DA:602,0
DA:605,0
DA:614,0
DA:615,0
DA:622,0
DA:624,0
LF:280
LH:0
end_of_record
TN:
SF:/usr/src/debug/bluechi-0.7.0-0.202401051251.gitcbcd280.el9.x86_64/src/client/method_status.c
FN:32,get_property_map
FN:53,read_property_value
FN:103,process_dict_entry
FN:130,parse_unit_status_response_from_message
FN:166,print_info_header
FN:194,print_unit_info
FN:218,get_max_name_len
FN:230,get_status_unit_on
FN:266,method_status_unit_on
FNDA:401,get_property_map
FNDA:1,method_status_unit_on
FNDA:1,parse_unit_status_response_from_message
FNDA:1,get_max_name_len
FNDA:1,print_unit_info
FNDA:6,read_property_value
FNDA:1,get_status_unit_on
FNDA:401,process_dict_entry
FNDA:1,print_info_header
FNF:9
FNH:9
DA:32,401
DA:33,401
DA:34,401
DA:35,401
DA:37,401
DA:38,401
DA:39,0
DA:40,0
DA:43,2786
DA:44,2391
DA:45,6
DA:46,6
DA:53,6
DA:54,6
DA:55,6
DA:56,6
DA:57,6
DA:58,6
DA:60,6
DA:61,6
DA:62,0
DA:63,0
DA:66,6
DA:67,6
DA:68,0
DA:69,0
DA:72,6
DA:73,6
DA:74,0
DA:75,0
DA:78,6
DA:79,0
DA:80,0
DA:83,6
DA:84,6
DA:85,0
DA:86,0
DA:89,12
DA:90,0
DA:93,6
DA:95,6
DA:96,6
DA:97,0
DA:103,401
DA:104,401
DA:105,401
DA:107,401
DA:108,401
DA:109,401
DA:112,401
DA:113,6
DA:114,6
DA:115,0
DA:117,0
DA:121,395
DA:122,395
DA:123,0
DA:130,1
DA:131,1
DA:133,1
DA:134,1
DA:135,0
DA:136,0
DA:139,402
DA:140,402
DA:141,402
DA:142,0
DA:143,0
DA:146,402
DA:150,401
DA:151,401
DA:155,401
DA:156,401
DA:157,0
DA:166,1
DA:167,1
DA:169,1
DA:170,4
DA:171,3
DA:174,1
DA:175,5
DA:176,3
DA:178,1
DA:179,1
DA:180,1
DA:181,1
DA:182,1
DA:183,1
DA:194,1
DA:195,1
DA:197,1
DA:198,0
DA:199,0
DA:202,1
DA:203,1
DA:204,1
DA:205,2
DA:206,1
DA:209,1
DA:210,1
DA:211,1
DA:212,1
DA:213,1
DA:215,1
DA:218,1
DA:219,1
DA:220,1
DA:222,2
DA:223,1
DA:224,1
DA:227,1
DA:230,1
DA:231,1
DA:232,0
DA:233,1
DA:234,1
DA:235,1
DA:237,1
DA:238,1
DA:239,0
DA:243,1
DA:244,1
DA:245,0
DA:249,1
DA:250,1
DA:251,0
DA:255,1
DA:256,1
DA:257,1
DA:261,1
DA:266,1
DA:267,1
DA:269,1
DA:271,1
DA:272,3
DA:273,1
DA:274,1
DA:275,0
DA:280,0
LF:139
LH:109
end_of_record
TN:
SF:/usr/src/debug/bluechi-0.7.0-0.202401051251.gitcbcd280.el9.x86_64/src/libbluechi/bus/bus.c
FN:16,peer_bus_new
FN:42,peer_bus_open
FN:74,peer_bus_close
FN:89,method_peer_hello
FN:101,peer_bus_open_server
FN:174,system_bus_open
FN:201,systemd_bus_new
FN:244,systemd_bus_open
FN:270,user_bus_open
FNDA:65,peer_bus_close
FNDA:0,method_peer_hello
FNDA:61,systemd_bus_open
FNDA:0,user_bus_open
FNDA:65,peer_bus_open
FNDA:124,system_bus_open
FNDA:62,peer_bus_open_server
FNDA:61,systemd_bus_new
FNDA:127,peer_bus_new
FNF:9
FNH:7
DA:16,127
DA:17,127
DA:18,0
DA:19,0
DA:22,127
DA:23,127
DA:25,127
DA:26,127
DA:27,0
DA:30,127
DA:33,127
DA:34,127
DA:35,0
DA:39,127
DA:42,65
DA:43,65
DA:44,0
DA:45,0
DA:48,65
DA:49,130
DA:50,65
DA:53,65
DA:54,65
DA:55,0
DA:59,65
DA:60,65
DA:61,0
DA:65,65
DA:66,65
DA:67,0
DA:74,65
DA:75,65
DA:76,4
DA:77,4
DA:78,0
DA:79,0
DA:82,4
DA:89,0
DA:91,0
DA:101,62
DA:102,62
DA:103,124
DA:104,62
DA:105,0
DA:109,62
DA:110,62
DA:111,0
DA:114,62
DA:115,62
DA:116,62
DA:117,0
DA:119,62
DA:120,62
DA:121,0
DA:124,62
DA:130,62
DA:131,0
DA:135,62
DA:136,62
DA:137,0
DA:141,62
DA:142,62
DA:143,0
DA:147,62
DA:148,62
DA:149,0
DA:153,62
DA:155,62
DA:156,0
DA:160,62
DA:161,62
DA:162,0
DA:174,124
DA:175,124
DA:176,124
DA:178,124
DA:179,124
DA:180,0
DA:184,124
DA:185,124
DA:186,0
DA:189,124
DA:191,124
DA:193,124
DA:201,61
DA:202,61
DA:203,61
DA:206,61
DA:207,61
DA:209,61
DA:210,0
DA:211,0
DA:214,0
DA:215,0
DA:218,61
DA:219,61
DA:222,61
DA:223,61
DA:226,61
DA:227,61
DA:231,61
DA:232,61
DA:235,61
DA:236,61
DA:240,61
DA:241,61
DA:244,61
DA:245,61
DA:246,61
DA:248,61
DA:249,61
DA:250,0
DA:253,61
DA:254,61
DA:255,0
DA:258,61
DA:260,61
DA:262,61
DA:270,0
DA:271,0
DA:272,0
DA:274,0
DA:275,0
DA:276,0
DA:280,0
DA:281,0
DA:282,0
DA:285,0
DA:287,0
DA:289,0
LF:130
LH:87
end_of_record
TN:
SF:/usr/src/debug/bluechi-0.7.0-0.202401051251.gitcbcd280.el9.x86_64/src/libbluechi/bus/utils.c
FN:10,bus_parse_properties_foreach
FN:69,bus_parse_property_string_cb
FN:99,bus_parse_property_string
FN:108,new_unit
FN:120,unit_ref
FN:125,unit_unref
FN:148,bus_parse_unit_info
FN:191,bus_parse_unit_on_node_info
FN:234,assemble_object_path_string
FN:247,bus_path_escape
FN:276,bus_socket_set_options
FN:289,bus_id_is_valid
FNDA:0,bus_parse_unit_on_node_info
FNDA:252,assemble_object_path_string
FNDA:2,bus_parse_property_string
FNDA:127,bus_socket_set_options
FNDA:235,unit_unref
FNDA:2,bus_parse_property_string_cb
FNDA:13060,bus_path_escape
FNDA:118,new_unit
FNDA:118,bus_parse_unit_info
FNDA:5,bus_id_is_valid
FNDA:1734,bus_parse_properties_foreach
FNDA:117,unit_ref
FNF:12
FNH:11
DA:10,1734
DA:11,1734
DA:12,1734
DA:13,1734
DA:16,39838
DA:17,38106
DA:19,38106
DA:20,38106
DA:21,0
DA:24,38106
DA:25,38106
DA:26,38106
DA:27,38106
DA:28,0
DA:31,38106
DA:32,38106
DA:33,0
DA:34,38106
DA:36,38104
DA:37,32908
DA:38,32908
DA:39,0
DA:43,38106
DA:44,38106
DA:45,0
DA:48,38106
DA:52,1734
DA:56,1734
DA:57,1734
DA:61,1734
DA:69,2
DA:71,2
DA:73,2
DA:77,2
DA:81,2
DA:82,2
DA:86,2
DA:87,2
DA:91,2
DA:92,2
DA:93,0
DA:99,2
DA:100,2
DA:101,2
DA:102,2
DA:103,2
DA:105,2
DA:108,118
DA:109,236
DA:110,118
DA:114,118
DA:115,118
DA:117,118
DA:120,117
DA:121,117
DA:122,117
DA:125,235
DA:126,235
DA:127,235
DA:131,118
DA:132,118
DA:133,118
DA:134,118
DA:135,118
DA:136,118
DA:137,118
DA:138,118
DA:139,118
DA:140,118
DA:142,118
DA:148,118
DA:149,118
DA:150,118
DA:151,118
DA:152,118
DA:153,118
DA:155,118
DA:156,118
DA:158,118
DA:172,118
DA:173,118
DA:176,117
DA:177,117
DA:178,117
DA:179,117
DA:180,117
DA:181,117
DA:182,117
DA:183,117
DA:184,117
DA:185,117
DA:186,117
DA:188,117
DA:191,0
DA:192,0
DA:193,0
DA:194,0
DA:195,0
DA:196,0
DA:197,0
DA:198,0
DA:200,0
DA:215,0
DA:216,0
DA:219,0
DA:220,0
DA:221,0
DA:222,0
DA:223,0
DA:224,0
DA:225,0
DA:226,0
DA:227,0
DA:228,0
DA:229,0
DA:231,0
DA:234,252
DA:235,252
DA:236,252
DA:239,252
DA:242,28637
DA:243,28637
DA:244,28637
DA:247,13060
DA:249,13060
DA:250,0
DA:253,13060
DA:254,13060
DA:259,269297
DA:261,256237
DA:262,28637
DA:263,28637
DA:264,28637
DA:265,28637
DA:267,227600
DA:271,13060
DA:273,13060
DA:276,127
DA:277,127
DA:278,127
DA:282,127
DA:289,5
DA:290,10
DA:294,5
DA:295,5
DA:296,5
DA:297,20
DA:298,15
DA:299,5
DA:302,5
DA:303,5
DA:304,5
DA:306,10
DA:308,10
DA:313,5
DA:317,5
DA:318,0
LF:157
LH:126
end_of_record
TN:
SF:/usr/src/debug/bluechi-0.7.0-0.202401051251.gitcbcd280.el9.x86_64/src/libbluechi/bus/utils.h
FNF:0
FNH:0
DA:50,118
LF:1
LH:1
end_of_record
TN:
SF:/usr/src/debug/bluechi-0.7.0-0.202401051251.gitcbcd280.el9.x86_64/src/libbluechi/common/cfg.c
FN:28,option_compare
FN:34,option_destroy
FN:41,option_hash
FN:56,parsing_handler
FN:78,cfg_initialize
FN:101,cfg_copy_overwrite
FN:115,cfg_dispose
FN:121,cfg_load_complete_configuration
FN:183,cfg_load_from_file
FN:208,is_file_name_ending_with_conf
FN:215,cfg_load_from_dir
FN:257,cfg_load_from_env
FN:279,cfg_get_default_section
FN:283,cfg_set_default_section
FN:300,cfg_set_value
FN:304,cfg_s_set_value
FN:348,cfg_get_value
FN:352,cfg_s_get_value
FN:364,cfg_get_bool_value
FN:368,cfg_s_get_bool_value
FN:378,cfg_dump
FN:401,cfg_def_conf
FN:436,cfg_agent_def_conf
FN:467,cfg_manager_def_conf
FNDA:435,cfg_initialize
FNDA:3482,cfg_s_set_value
FNDA:2463,option_compare
FNDA:580,is_file_name_ending_with_conf
FNDA:2465,cfg_s_get_value
FNDA:226,cfg_get_bool_value
FNDA:145,cfg_load_from_dir
FNDA:145,cfg_def_conf
FNDA:0,cfg_get_default_section
FNDA:226,cfg_s_get_bool_value
FNDA:106,cfg_dump
FNDA:145,cfg_load_complete_configuration
FNDA:275,cfg_copy_overwrite
FNDA:1477,cfg_set_value
FNDA:445,cfg_load_from_file
FNDA:86,cfg_agent_def_conf
FNDA:130,cfg_load_from_env
FNDA:433,cfg_dispose
FNDA:1142,parsing_handler
FNDA:145,cfg_set_default_section
FNDA:5947,option_hash
FNDA:2492,option_destroy
FNDA:1097,cfg_get_value
FNDA:59,cfg_manager_def_conf
FNF:24
FNH:23
DA:28,2463
DA:29,2463
DA:30,2463
DA:31,2463
DA:34,2492
DA:35,2492
DA:36,2492
DA:37,2492
DA:38,2492
DA:39,2492
DA:41,5947
DA:42,5947
DA:43,5947
DA:45,5947
DA:46,5947
DA:47,5947
DA:48,5947
DA:56,1142
DA:57,1142
DA:61,1142
DA:63,1142
DA:64,1142
DA:65,348
DA:66,174
DA:69,174
DA:71,968
DA:72,0
DA:78,435
DA:79,435
DA:80,435
DA:83,435
DA:85,435
DA:86,0
DA:87,0
DA:89,435
DA:90,435
DA:91,0
DA:92,0
DA:93,0
DA:95,435
DA:97,435
DA:98,435
DA:101,275
DA:102,275
DA:103,275
DA:104,275
DA:105,1138
DA:106,863
DA:107,863
DA:108,863
DA:109,0
DA:115,433
DA:116,433
DA:117,433
DA:118,433
DA:119,433
DA:121,145
DA:126,145
DA:128,145
DA:129,145
DA:130,145
DA:131,0
DA:135,0
DA:136,145
DA:137,0
DA:141,0
DA:145,145
DA:146,145
DA:147,145
DA:148,0
DA:149,0
DA:153,0
DA:154,0
DA:155,0
DA:159,0
DA:164,145
DA:165,145
DA:166,145
DA:167,0
DA:171,0
DA:172,145
DA:178,130
DA:180,130
DA:183,445
DA:184,445
DA:185,445
DA:187,445
DA:188,155
DA:191,290
DA:192,290
DA:193,290
DA:197,290
DA:198,290
DA:199,15
DA:200,15
DA:203,275
DA:204,275
DA:208,580
DA:209,580
DA:210,145
DA:215,145
DA:216,145
DA:217,145
DA:219,145
DA:221,145
DA:223,145
DA:225,145
DA:226,0
DA:231,290
DA:232,145
DA:234,145
DA:235,145
DA:236,145
DA:241,145
DA:242,145
DA:243,0
DA:249,290
DA:250,145
DA:252,145
DA:254,145
DA:257,130
DA:259,130
DA:260,130
DA:262,130
DA:263,520
DA:264,390
DA:265,390
DA:266,0
DA:267,0
DA:268,0
DA:272,0
DA:279,0
DA:280,0
DA:283,145
DA:284,145
DA:287,145
DA:290,145
DA:291,145
DA:294,145
DA:295,145
DA:297,145
DA:300,1477
DA:301,1477
DA:304,3482
DA:309,3482
DA:310,3482
DA:311,3482
DA:314,3482
DA:315,3482
DA:316,0
DA:317,0
DA:320,3482
DA:321,3482
DA:322,3085
DA:323,3085
DA:324,0
DA:325,0
DA:326,0
DA:329,6964
DA:331,3482
DA:333,3482
DA:334,0
DA:335,0
DA:336,0
DA:337,0
DA:340,3482
DA:341,966
DA:342,966
DA:343,966
DA:348,1097
DA:349,1097
DA:352,2465
DA:353,4930
DA:355,2465
DA:357,2465
DA:358,1497
DA:364,226
DA:365,226
DA:368,226
DA:369,226
DA:370,226
DA:371,226
DA:372,346
DA:373,346
DA:375,226
DA:378,106
DA:379,106
DA:380,106
DA:383,106
DA:384,106
DA:385,106
DA:386,106
DA:387,1243
DA:388,1137
DA:389,1137
DA:390,1137
DA:391,1137
DA:392,1031
DA:394,1137
DA:398,106
DA:401,145
DA:402,145
DA:404,145
DA:408,145
DA:412,145
DA:416,145
DA:420,145
DA:424,145
DA:429,145
DA:430,0
DA:436,86
DA:437,86
DA:438,86
DA:439,86
DA:442,86
DA:446,172
DA:447,86
DA:451,86
DA:455,86
DA:460,86
DA:461,0
DA:467,59
DA:468,59
DA:470,59
DA:471,59
DA:475,59
DA:479,59
DA:483,59
DA:484,0
LF:229
LH:190
end_of_record
TN:
SF:/usr/src/debug/bluechi-0.7.0-0.202401051251.gitcbcd280.el9.x86_64/src/libbluechi/common/common.h
FN:50,malloc0_array
FNDA:1,malloc0_array
FNF:1
FNH:1
DA:17,13557
DA:18,14151
DA:19,14151
DA:20,1154
DA:21,13557
DA:24,45
DA:25,107
DA:26,62
DA:27,45
DA:30,45
DA:31,45
DA:32,0
DA:36,42064
DA:37,15888
DA:38,13306
DA:50,70
DA:52,70
DA:57,70
DA:58,70
DA:59,70
DA:63,70
LF:21
LH:20
end_of_record
TN:
SF:/usr/src/debug/bluechi-0.7.0-0.202401051251.gitcbcd280.el9.x86_64/src/libbluechi/common/event-util.c
FN:18,event_reset_time
FN:98,event_reset_time_relative
FNDA:83,event_reset_time
FNDA:83,event_reset_time_relative
FNF:2
FNH:2
DA:9,83
DA:11,83
DA:15,83
DA:18,83
DA:30,83
DA:31,83
DA:32,83
DA:34,83
DA:35,83
DA:37,83
DA:38,22
DA:39,22
DA:40,22
DA:41,83
DA:44,22
DA:49,22
DA:50,22
DA:54,22
DA:58,22
DA:59,22
DA:63,22
DA:64,22
DA:68,22
DA:72,22
DA:73,22
DA:77,61
DA:78,61
DA:83,83
DA:84,83
DA:88,83
DA:89,83
DA:90,83
DA:98,83
DA:110,83
DA:111,83
DA:113,83
DA:115,83
DA:116,83
DA:117,83
DA:120,166
LF:40
LH:40
end_of_record
TN:
SF:/usr/src/debug/bluechi-0.7.0-0.202401051251.gitcbcd280.el9.x86_64/src/libbluechi/common/network.c
FN:4,is_ipv4
FN:12,is_ipv6
FN:20,get_address
FN:67,typesafe_inet_ntop4
FN:77,typesafe_inet_ntop6
FN:87,assemble_tcp_address
FN:104,assemble_tcp_address_v6
FN:120,get_hostname
FNDA:73,is_ipv6
FNDA:86,get_hostname
FNDA:61,assemble_tcp_address
FNDA:4,get_address
FNDA:61,typesafe_inet_ntop4
FNDA:73,is_ipv4
FNDA:8,typesafe_inet_ntop6
FNDA:4,assemble_tcp_address_v6
FNF:8
FNH:8
DA:4,73
DA:5,73
DA:8,73
DA:9,73
DA:12,73
DA:13,73
DA:16,73
DA:17,73
DA:20,4
DA:21,4
DA:22,4
DA:25,4
DA:26,0
DA:29,4
DA:30,4
DA:31,4
DA:32,4
DA:34,4
DA:35,4
DA:36,0
DA:37,0
DA:40,4
DA:41,0
DA:42,0
DA:43,0
DA:44,0
DA:45,0
DA:47,0
DA:48,4
DA:49,4
DA:50,8
DA:51,4
DA:52,0
DA:53,0
DA:55,4
DA:57,0
DA:58,0
DA:59,0
DA:62,4
DA:64,4
DA:67,61
DA:68,61
DA:69,61
DA:70,0
DA:71,0
DA:73,61
DA:74,61
DA:77,8
DA:78,8
DA:79,8
DA:80,0
DA:81,0
DA:83,8
DA:84,8
DA:87,61
DA:88,61
DA:89,0
DA:90,0
DA:93,122
DA:95,61
DA:96,61
DA:97,61
DA:98,0
DA:101,61
DA:104,4
DA:105,4
DA:106,0
DA:107,0
DA:110,8
DA:111,4
DA:112,4
DA:113,4
DA:114,0
DA:117,4
DA:120,86
DA:121,86
DA:122,86
DA:123,86
DA:124,0
DA:125,0
DA:127,86
LF:81
LH:55
end_of_record
TN:
SF:/usr/src/debug/bluechi-0.7.0-0.202401051251.gitcbcd280.el9.x86_64/src/libbluechi/common/parse-util.c
FN:9,parse_long
FN:27,parse_port
FNDA:499,parse_long
FNDA:120,parse_port
FNF:2
FNH:2
DA:9,499
DA:10,499
DA:11,499
DA:13,499
DA:17,499
DA:18,499
DA:19,499
DA:22,490
DA:24,490
DA:27,120
DA:28,120
DA:29,120
DA:32,120
DA:33,120
DA:34,120
DA:36,120
DA:40,106
DA:41,106
LF:18
LH:18
end_of_record
TN:
SF:/usr/src/debug/bluechi-0.7.0-0.202401051251.gitcbcd280.el9.x86_64/src/libbluechi/common/protocol.c
FN:4,job_state_to_string
FN:14,job_state_from_string
FN:31,active_state_to_string
FN:38,active_state_from_string
FNDA:8862,active_state_from_string
FNDA:1,job_state_from_string
FNDA:76,active_state_to_string
FNDA:1,job_state_to_string
FNF:4
FNH:4
DA:4,1
DA:5,1
DA:8,1
DA:9,1
DA:10,0
DA:11,0
DA:14,1
DA:15,1
DA:18,1
DA:19,1
DA:31,76
DA:32,76
DA:33,76
DA:38,8862
DA:39,16338
DA:40,16338
DA:41,8862
LF:17
LH:15
end_of_record
TN:
SF:/usr/src/debug/bluechi-0.7.0-0.202401051251.gitcbcd280.el9.x86_64/src/libbluechi/common/string-util.h
FN:26,strcat_dup
FN:40,copy_str
FN:59,match_glob
FNDA:0,match_glob
FNDA:13021,strcat_dup
FNDA:260,copy_str
FNF:3
FNH:2
DA:18,29102
DA:19,29102
DA:22,256247
DA:23,256247
DA:26,13021
DA:27,13021
DA:28,13021
DA:29,13021
DA:30,13021
DA:31,13021
DA:32,13021
DA:33,13021
DA:34,13021
DA:37,13021
DA:40,260
DA:41,260
DA:42,260
DA:45,260
DA:46,260
DA:47,260
DA:50,71
DA:51,71
DA:59,0
DA:60,0
DA:64,0
DA:65,0
DA:68,0
DA:69,0
DA:72,0
DA:76,11
DA:77,22
LF:31
LH:24
end_of_record
TN:
SF:/usr/src/debug/bluechi-0.7.0-0.202401051251.gitcbcd280.el9.x86_64/src/libbluechi/common/time-util.c
FN:9,get_time_micros
FN:19,get_time_seconds
FN:33,finalize_time_interval_micros
FN:37,micros_to_millis
FN:41,get_formatted_log_timestamp
FN:51,get_formatted_log_timestamp_for_timespec
FNDA:74,get_time_micros
FNDA:7,get_formatted_log_timestamp_for_timespec
FNDA:1,finalize_time_interval_micros
FNDA:0,micros_to_millis
FNDA:7,get_formatted_log_timestamp
FNDA:22,get_time_seconds
FNF:6
FNH:5
DA:9,74
DA:10,74
DA:11,74
DA:14,74
DA:15,74
DA:16,74
DA:19,22
DA:20,22
DA:24,22
DA:25,22
DA:26,22
DA:29,22
DA:30,22
DA:33,1
DA:34,1
DA:37,0
DA:38,0
DA:41,7
DA:42,7
DA:43,7
DA:44,7
DA:45,7
DA:46,7
DA:48,7
DA:51,7
DA:52,7
DA:53,7
DA:54,7
DA:55,7
DA:56,7
DA:57,7
DA:58,7
DA:59,7
DA:61,7
DA:62,7
DA:63,7
DA:64,7
DA:71,7
LF:38
LH:36
end_of_record
TN:
SF:/usr/src/debug/bluechi-0.7.0-0.202401051251.gitcbcd280.el9.x86_64/src/libbluechi/log/log.c
FN:12,log_level_to_string
FN:16,string_to_log_level
FN:46,bc_log_to_journald_with_location
FN:87,bc_log_to_stderr_full_with_location
FN:112,bc_log_to_stderr_with_location
FN:131,bc_log_set_log_fn
FN:135,bc_log_get_log_fn
FN:139,bc_log_set_level
FN:143,bc_log_get_level
FN:147,bc_log_set_quiet
FN:151,bc_log_get_quiet
FN:156,bc_log_init
FN:187,shouldLog
FN:191,bc_log
FN:198,bc_logf
FN:216,bc_log_with_data
FNDA:256,bc_log_set_log_fn
FNDA:258,bc_log_set_quiet
FNDA:256,bc_log_set_level
FNDA:7,bc_log_to_stderr_with_location
FNDA:0,bc_log_get_level
FNDA:906,bc_logf
FNDA:1230,bc_log_to_journald_with_location
FNDA:120,string_to_log_level
FNDA:0,bc_log_get_quiet
FNDA:0,bc_log_get_log_fn
FNDA:1287,shouldLog
FNDA:0,bc_log_to_stderr_full_with_location
FNDA:106,bc_log_with_data
FNDA:120,bc_log_init
FNDA:152,log_level_to_string
FNDA:275,bc_log
FNF:16
FNH:12
DA:12,152
DA:13,152
DA:16,120
DA:17,120
DA:21,120
DA:24,3
DA:27,2
DA:30,2
DA:31,0
DA:39,1230
DA:40,1230
DA:43,1230
DA:46,1230
DA:53,1230
DA:57,2460
DA:58,1230
DA:59,1230
DA:60,1230
DA:63,1230
DA:64,1230
DA:68,1230
DA:71,1230
DA:72,102
DA:78,1128
DA:87,0
DA:94,0
DA:97,0
DA:98,0
DA:103,0
DA:109,0
DA:112,7
DA:119,14
DA:120,7
DA:121,7
DA:131,256
DA:132,256
DA:133,256
DA:135,0
DA:136,0
DA:139,256
DA:140,256
DA:141,256
DA:143,0
DA:144,0
DA:147,258
DA:148,258
DA:149,258
DA:151,0
DA:152,0
DA:156,120
DA:159,120
DA:160,120
DA:161,120
DA:163,120
DA:164,120
DA:165,118
DA:168,120
DA:169,120
DA:170,120
DA:171,117
DA:172,3
DA:173,1
DA:174,2
DA:175,0
DA:179,120
DA:180,120
DA:181,120
DA:184,120
DA:187,1287
DA:188,1287
DA:191,275
DA:192,275
DA:193,228
DA:198,906
DA:199,906
DA:200,906
DA:202,906
DA:203,906
DA:204,906
DA:205,906
DA:206,0
DA:207,0
DA:209,906
DA:211,906
DA:216,106
DA:224,106
DA:225,103
DA:227,103
DA:228,103
DA:229,103
DA:230,103
DA:231,0
DA:232,0
DA:234,103
DA:236,103
LF:95
LH:77
end_of_record
TN:
SF:/usr/src/debug/bluechi-0.7.0-0.202401051251.gitcbcd280.el9.x86_64/src/libbluechi/service/shutdown.c
FN:11,shutdown_event_loop
FN:19,event_loop_signal_handler
FN:29,event_loop_add_shutdown_signals
FNDA:106,shutdown_event_loop
FNDA:106,event_loop_signal_handler
FNDA:106,event_loop_add_shutdown_signals
FNF:3
FNH:3
DA:11,106
DA:12,106
DA:16,106
DA:19,106
DA:21,106
DA:25,106
DA:26,106
DA:29,106
DA:30,106
DA:31,106
DA:33,106
DA:34,106
DA:39,106
DA:40,106
DA:41,0
DA:42,0
DA:44,106
DA:45,106
DA:46,0
DA:47,0
DA:49,106
DA:50,106
DA:51,0
DA:52,0
DA:54,106
DA:55,106
DA:56,0
DA:57,0
DA:61,106
DA:62,106
DA:63,0
DA:64,0
DA:66,106
DA:67,106
DA:68,0
DA:69,0
LF:36
LH:24
end_of_record
TN:
SF:/usr/src/debug/bluechi-0.7.0-0.202401051251.gitcbcd280.el9.x86_64/src/libbluechi/socket.c
FN:14,create_tcp_socket
FN:48,accept_tcp_connection_request
FN:61,fd_check_peercred
FN:100,socket_options_new
FN:120,socket_options_set_tcp_keepidle
FN:137,socket_options_set_tcp_keepintvl
FN:154,socket_options_set_tcp_keepcnt
FN:171,socket_options_set_ip_recverr
FN:180,is_socket_tcp
FN:189,socket_set_options
FNDA:106,socket_options_set_tcp_keepcnt
FNDA:106,socket_options_set_tcp_keepintvl
FNDA:145,socket_options_new
FNDA:62,accept_tcp_connection_request
FNDA:45,create_tcp_socket
FNDA:106,socket_options_set_ip_recverr
FNDA:61,fd_check_peercred
FNDA:127,is_socket_tcp
FNDA:106,socket_options_set_tcp_keepidle
FNDA:127,socket_set_options
FNF:10
FNH:10
DA:14,45
DA:15,45
DA:17,45
DA:18,45
DA:19,0
DA:20,0
DA:23,45
DA:24,45
DA:25,0
DA:26,0
DA:29,45
DA:30,45
DA:31,45
DA:32,45
DA:33,45
DA:35,45
DA:36,0
DA:37,0
DA:40,45
DA:41,0
DA:42,0
DA:48,62
DA:49,62
DA:50,62
DA:51,0
DA:55,0
DA:56,0
DA:61,61
DA:62,61
DA:63,61
DA:64,61
DA:66,61
DA:67,61
DA:68,0
DA:70,61
DA:74,61
DA:77,61
DA:78,0
DA:100,145
DA:101,145
DA:102,145
DA:105,145
DA:106,145
DA:107,145
DA:108,145
DA:109,145
DA:120,106
DA:121,106
DA:122,106
DA:125,106
DA:126,106
DA:129,106
DA:132,106
DA:134,106
DA:137,106
DA:138,106
DA:139,106
DA:142,106
DA:143,106
DA:146,106
DA:149,106
DA:151,106
DA:154,106
DA:155,106
DA:156,106
DA:159,106
DA:160,106
DA:163,106
DA:166,106
DA:168,106
DA:171,106
DA:172,106
DA:176,106
DA:177,106
DA:180,127
DA:181,127
DA:182,127
DA:184,127
DA:186,127
DA:189,127
DA:191,127
DA:192,0
DA:193,0
DA:196,127
DA:197,0
DA:198,0
DA:201,127
DA:202,127
DA:204,127
DA:205,127
DA:206,127
DA:207,0
DA:208,0
DA:212,127
DA:213,127
DA:214,0
DA:215,0
DA:218,127
DA:219,127
DA:220,0
DA:221,0
DA:224,127
DA:225,127
DA:226,127
DA:227,0
DA:228,0
DA:231,127
DA:232,127
DA:233,127
DA:234,0
DA:235,0
DA:238,127
DA:239,127
DA:240,127
DA:241,0
DA:242,0
LF:116
LH:87
end_of_record
TN:
SF:/usr/src/debug/bluechi-0.7.0-0.202401051251.gitcbcd280.el9.x86_64/src/manager/job.c
FN:38,job_new
FN:74,job_ref
FN:79,job_unref
FN:93,job_export
FN:107,job_set_state
FN:120,job_property_get_nodename
FN:134,job_property_get_state
FN:147,job_method_cancel
FNDA:0,job_property_get_nodename
FNDA:36,job_new
FNDA:0,job_method_cancel
FNDA:1,job_set_state
FNDA:36,job_ref
FNDA:36,job_export
FNDA:1,job_property_get_state
FNDA:72,job_unref
FNF:8
FNH:6
DA:38,36
DA:39,36
DA:41,36
DA:42,36
DA:46,36
DA:47,36
DA:48,36
DA:49,36
DA:50,36
DA:52,36
DA:53,36
DA:57,36
DA:58,36
DA:62,36
DA:63,36
DA:64,0
DA:68,36
DA:69,36
DA:71,36
DA:74,36
DA:75,36
DA:76,36
DA:79,72
DA:80,72
DA:81,72
DA:85,36
DA:87,36
DA:88,36
DA:89,36
DA:90,36
DA:93,36
DA:94,36
DA:95,36
DA:97,72
DA:98,36
DA:99,36
DA:100,0
DA:101,0
DA:107,1
DA:108,1
DA:109,1
DA:111,1
DA:113,2
DA:114,1
DA:115,1
DA:116,0
DA:118,1
DA:120,0
DA:128,0
DA:129,0
DA:131,0
DA:134,1
DA:142,1
DA:144,1
DA:147,0
DA:149,0
LF:56
LH:46
end_of_record
TN:
SF:/usr/src/debug/bluechi-0.7.0-0.202401051251.gitcbcd280.el9.x86_64/src/manager/job.h
FN:37,job_unrefp
FNDA:36,job_unrefp
FNF:1
FNH:1
DA:37,72
LF:1
LH:1
end_of_record
TN:
SF:/usr/src/debug/bluechi-0.7.0-0.202401051251.gitcbcd280.el9.x86_64/src/manager/manager.c
FN:22,manager_new
FN:60,manager_ref
FN:65,manager_unref
FN:121,manager_add_subscription
FN:141,manager_remove_subscription
FN:159,manager_find_node
FN:172,manager_find_node_by_path
FN:184,manager_remove_node
FN:194,manager_add_job
FN:216,manager_remove_job
FN:240,manager_job_state_changed
FN:251,manager_finish_job
FN:264,manager_add_node
FN:280,manager_set_port
FN:291,manager_parse_config
FN:393,manager_accept_node_connection
FN:425,manager_setup_node_connection_handler
FN:475,manager_method_ping
FN:502,list_unit_request_free
FN:524,manager_method_list_units_encode_reply
FN:595,manager_method_list_units_done
FN:633,manager_list_units_callback
FN:655,manager_method_list_units
FN:695,manager_method_list_encode_node
FN:708,manager_method_list_nodes
FN:752,manager_method_get_node
FN:794,manager_method_create_monitor
FN:838,manager_method_metrics_enable
FN:862,manager_method_metrics_disable
FN:883,manager_method_set_log_level
FN:922,manager_dbus_filter
FN:947,manager_remove_monitor
FN:952,manager_client_disconnected
FN:965,manager_name_owner_changed
FN:983,manager_start
FNDA:1,manager_method_metrics_enable
FNDA:59,manager_parse_config
FNDA:0,manager_list_units_callback
FNDA:62,manager_accept_node_connection
FNDA:1,manager_job_state_changed
FNDA:33,manager_remove_job
FNDA:0,manager_method_metrics_disable
FNDA:1,manager_remove_node
FNDA:47,manager_find_node_by_path
FNDA:59,manager_new
FNDA:54,manager_set_port
FNDA:277,manager_add_node
FNDA:21,manager_remove_subscription
FNDA:2,manager_method_list_nodes
FNDA:497,manager_dbus_filter
FNDA:0,manager_method_ping
FNDA:45,manager_setup_node_connection_handler
FNDA:0,list_unit_request_free
FNDA:0,manager_ref
FNDA:36,manager_add_job
FNDA:0,manager_method_list_units_done
FNDA:2,manager_method_list_encode_node
FNDA:59,manager_unref
FNDA:20,manager_method_get_node
FNDA:11,manager_method_create_monitor
FNDA:33,manager_finish_job
FNDA:0,manager_method_list_units_encode_reply
FNDA:57,manager_client_disconnected
FNDA:0,manager_method_list_units
FNDA:226,manager_name_owner_changed
FNDA:346,manager_find_node
FNDA:21,manager_add_subscription
FNDA:0,manager_method_set_log_level
FNDA:45,manager_start
FNDA:11,manager_remove_monitor
FNF:35
FNH:26
DA:22,59
DA:23,59
DA:24,59
DA:25,59
DA:26,59
DA:27,0
DA:31,59
DA:32,59
DA:33,0
DA:37,118
DA:38,59
DA:39,0
DA:43,59
DA:44,59
DA:45,59
DA:46,59
DA:47,59
DA:48,59
DA:49,59
DA:50,59
DA:51,59
DA:52,59
DA:53,59
DA:54,59
DA:60,0
DA:61,0
DA:62,0
DA:65,59
DA:66,59
DA:67,59
DA:71,59
DA:72,59
DA:73,60
DA:74,1
DA:77,59
DA:78,59
DA:79,59
DA:80,0
DA:83,59
DA:84,59
DA:85,59
DA:86,0
DA:89,59
DA:90,59
DA:91,274
DA:92,215
DA:93,215
DA:95,120
DA:96,61
DA:97,61
DA:100,59
DA:101,59
DA:102,59
DA:105,59
DA:107,59
DA:108,59
DA:110,59
DA:112,59
DA:113,59
DA:114,59
DA:115,59
DA:116,59
DA:118,59
DA:121,21
DA:122,21
DA:124,21
DA:126,21
DA:127,7
DA:128,5
DA:133,19
DA:134,19
DA:135,18
DA:137,1
DA:141,21
DA:142,21
DA:144,21
DA:145,7
DA:146,5
DA:149,19
DA:150,19
DA:151,18
DA:155,21
DA:156,21
DA:157,21
DA:159,346
DA:160,346
DA:162,11633
DA:163,11415
DA:164,128
DA:172,47
DA:173,47
DA:175,53
DA:176,53
DA:177,47
DA:184,1
DA:185,1
DA:186,0
DA:187,0
DA:189,1
DA:191,1
DA:192,1
DA:194,36
DA:195,36
DA:199,36
DA:207,36
DA:208,0
DA:209,0
DA:212,36
DA:216,33
DA:217,66
DA:225,33
DA:228,33
DA:229,0
DA:233,33
DA:234,33
DA:235,1
DA:237,33
DA:238,33
DA:240,1
DA:241,1
DA:242,1
DA:243,1
DA:244,1
DA:245,1
DA:246,1
DA:249,1
DA:251,33
DA:252,33
DA:253,33
DA:254,33
DA:255,33
DA:256,1
DA:258,33
DA:259,33
DA:262,33
DA:264,277
DA:265,277
DA:266,277
DA:270,277
DA:271,215
DA:272,11252
DA:274,69
DA:280,54
DA:281,54
DA:283,54
DA:284,9
DA:285,9
DA:287,45
DA:288,45
DA:291,59
DA:292,59
DA:294,59
DA:295,59
DA:296,0
DA:297,0
DA:300,59
DA:301,59
DA:302,0
DA:303,0
DA:306,59
DA:308,59
DA:312,59
DA:313,5
DA:314,5
DA:315,5
DA:319,5
DA:320,0
DA:321,0
DA:322,0
DA:327,54
DA:329,54
DA:330,54
DA:331,54
DA:332,54
DA:337,45
DA:338,45
DA:339,41
DA:342,41
DA:343,41
DA:345,41
DA:346,256
DA:347,215
DA:348,215
DA:351,215
DA:356,45
DA:357,45
DA:358,45
DA:359,0
DA:360,0
DA:363,45
DA:364,45
DA:365,45
DA:366,0
DA:367,0
DA:370,45
DA:371,45
DA:372,45
DA:373,0
DA:374,0
DA:377,45
DA:379,45
DA:380,0
DA:381,0
DA:385,104
DA:386,45
DA:390,45
DA:393,62
DA:395,62
DA:396,62
DA:397,62
DA:398,62
DA:399,0
DA:400,0
DA:403,124
DA:405,62
DA:409,62
DA:412,62
DA:413,62
DA:417,62
DA:418,0
DA:425,45
DA:426,45
DA:427,45
DA:428,45
DA:429,45
DA:431,45
DA:432,45
DA:433,0
DA:437,45
DA:440,45
DA:441,45
DA:442,0
DA:448,45
DA:450,45
DA:451,0
DA:454,45
DA:455,45
DA:456,0
DA:461,45
DA:463,45
DA:465,45
DA:467,45
DA:475,0
DA:476,0
DA:478,0
DA:479,0
DA:480,0
DA:482,0
DA:502,0
DA:503,0
DA:505,0
DA:506,0
DA:507,0
DA:508,0
DA:511,0
DA:512,0
DA:514,0
DA:515,0
DA:516,0
DA:517,0
DA:524,0
DA:525,0
DA:526,0
DA:530,0
DA:531,0
DA:532,0
DA:533,0
DA:534,0
DA:537,0
DA:538,0
DA:539,0
DA:540,0
DA:543,0
DA:544,0
DA:545,0
DA:548,0
DA:549,0
DA:551,0
DA:552,0
DA:555,0
DA:556,0
DA:557,0
DA:560,0
DA:561,0
DA:562,0
DA:565,0
DA:566,0
DA:567,0
DA:570,0
DA:571,0
DA:572,0
DA:574,0
DA:575,0
DA:576,0
DA:580,0
DA:581,0
DA:582,0
DA:586,0
DA:587,0
DA:595,0
DA:597,0
DA:599,0
DA:600,0
DA:601,0
DA:602,0
DA:610,0
DA:611,0
DA:612,0
DA:620,0
DA:621,0
DA:622,0
DA:627,0
DA:628,0
DA:629,0
DA:633,0
DA:635,0
DA:636,0
DA:638,0
DA:639,0
DA:644,0
DA:646,0
DA:647,0
DA:649,0
DA:651,0
DA:655,0
DA:656,0
DA:657,0
DA:658,0
DA:660,0
DA:661,0
DA:662,0
DA:664,0
DA:666,0
DA:667,0
DA:668,0
DA:670,0
DA:671,0
DA:672,0
DA:673,0
DA:674,0
DA:685,0
DA:695,2
DA:696,2
DA:697,2
DA:701,2
DA:702,2
DA:705,2
DA:708,2
DA:709,2
DA:710,2
DA:711,2
DA:713,2
DA:714,2
DA:715,0
DA:722,2
DA:723,2
DA:724,0
DA:731,4
DA:732,2
DA:733,2
DA:734,0
DA:739,2
DA:740,2
DA:741,0
DA:745,2
DA:752,20
DA:753,20
DA:754,20
DA:755,20
DA:756,20
DA:758,20
DA:759,20
DA:760,0
DA:764,20
DA:765,20
DA:766,0
DA:769,20
DA:770,20
DA:771,0
DA:778,20
DA:779,20
DA:780,0
DA:787,20
DA:794,11
DA:795,11
DA:796,11
DA:798,22
DA:799,11
DA:800,0
DA:803,11
DA:804,0
DA:807,11
DA:808,11
DA:809,0
DA:816,11
DA:817,11
DA:818,0
DA:825,11
DA:826,11
DA:831,11
DA:838,1
DA:839,1
DA:840,1
DA:841,1
DA:842,1
DA:843,0
DA:846,1
DA:847,1
DA:848,0
DA:851,1
DA:852,2
DA:853,1
DA:855,1
DA:856,1
DA:862,0
DA:863,0
DA:864,0
DA:865,0
DA:866,0
DA:869,0
DA:870,0
DA:871,0
DA:872,0
DA:873,0
DA:875,0
DA:876,0
DA:883,0
DA:884,0
DA:886,0
DA:887,0
DA:888,0
DA:889,0
DA:892,0
DA:893,0
DA:894,0
DA:895,0
DA:897,0
DA:898,0
DA:899,0
DA:922,497
DA:923,497
DA:924,497
DA:925,497
DA:927,497
DA:935,497
DA:936,47
DA:939,47
DA:940,0
DA:947,11
DA:948,11
DA:949,11
DA:950,11
DA:952,57
DA:955,57
DA:956,57
DA:957,71
DA:958,14
DA:959,10
DA:960,10
DA:963,57
DA:965,226
DA:966,226
DA:967,226
DA:968,226
DA:969,226
DA:971,226
DA:972,226
DA:973,226
DA:976,226
DA:977,57
DA:983,45
DA:984,45
DA:985,45
DA:992,45
DA:994,45
DA:995,0
DA:996,0
DA:1000,45
DA:1001,260
DA:1002,215
DA:1007,90
DA:1008,45
DA:1009,45
DA:1010,0
DA:1011,0
DA:1014,45
DA:1015,45
DA:1016,0
DA:1017,0
DA:1020,45
DA:1029,45
DA:1030,0
DA:1031,0
DA:1034,45
DA:1041,45
DA:1042,0
DA:1043,0
DA:1046,45
DA:1050,45
DA:1051,45
DA:1052,0
DA:1053,0
DA:1056,45
DA:1057,45
DA:1058,0
DA:1059,0
LF:506
LH:318
end_of_record
TN:
SF:/usr/src/debug/bluechi-0.7.0-0.202401051251.gitcbcd280.el9.x86_64/src/manager/metrics.c
FN:30,metrics_export
FN:46,node_metrics_match_agent_job
FN:79,metrics_node_signal_matching_register
FN:97,metrics_produce_job_report
FNDA:1,node_metrics_match_agent_job
FNDA:1,metrics_produce_job_report
FNDA:1,metrics_node_signal_matching_register
FNDA:1,metrics_export
FNF:4
FNH:4
DA:30,1
DA:31,1
DA:38,1
DA:39,0
DA:40,0
DA:46,1
DA:47,1
DA:48,1
DA:49,1
DA:50,1
DA:51,1
DA:52,1
DA:53,0
DA:54,0
DA:56,1
DA:61,2
DA:62,1
DA:71,1
DA:72,0
DA:73,0
DA:79,1
DA:80,1
DA:89,1
DA:90,0
DA:91,0
DA:97,1
DA:98,1
DA:99,1
DA:100,1
DA:101,1
DA:103,1
DA:104,0
DA:105,0
DA:108,1
DA:110,1
DA:111,0
DA:112,0
DA:115,1
DA:116,1
DA:118,1
DA:122,2
DA:123,1
DA:128,1
DA:133,1
DA:134,0
LF:45
LH:32
end_of_record
TN:
SF:/usr/src/debug/bluechi-0.7.0-0.202401051251.gitcbcd280.el9.x86_64/src/manager/monitor.c
FN:15,subscription_new
FN:37,create_monitor_subscription
FN:54,subscription_add_unit
FN:71,subscription_has_node_wildcard
FN:75,subscription_ref
FN:80,subscription_unref
FN:141,monitor_new
FN:168,monitor_ref
FN:173,monitor_unref
FN:185,monitor_export
FN:203,monitor_close
FN:231,monitor_method_close
FN:250,monitor_method_subscribe
FN:289,monitor_method_subscribe_list
FN:360,monitor_find_subscription
FN:373,monitor_method_unsubscribe
FN:404,monitor_add_peer
FN:424,monitor_has_peer_with_name
FN:441,monitor_method_add_peer
FN:481,monitor_find_peer
FN:494,monitor_method_remove_peer
FN:543,monitor_on_unit_property_changed
FN:583,monitor_on_unit_new
FN:622,monitor_on_unit_state_changed
FN:667,monitor_on_unit_removed
FN:707,assemble_unit_new_signal
FN:732,assemble_unit_removed_signal
FN:757,assemble_unit_property_changed_signal
FN:806,assemble_unit_state_changed_signal
FN:836,monitor_emit_peer_removed
FNDA:1,monitor_method_close
FNDA:10,create_monitor_subscription
FNDA:21,monitor_on_unit_state_changed
FNDA:16,monitor_on_unit_new
FNDA:1,monitor_find_peer
FNDA:1,monitor_method_subscribe_list
FNDA:5,monitor_method_add_peer
FNDA:1,monitor_method_remove_peer
FNDA:33,monitor_unref
FNDA:21,subscription_new
FNDA:11,monitor_close
FNDA:1,monitor_method_unsubscribe
FNDA:94,monitor_on_unit_property_changed
FNDA:1,monitor_find_subscription
FNDA:21,subscription_ref
FNDA:9,monitor_method_subscribe
FNDA:13,assemble_unit_removed_signal
FNDA:11,monitor_export
FNDA:5,monitor_has_peer_with_name
FNDA:11,monitor_on_unit_removed
FNDA:3,monitor_add_peer
FNDA:52,subscription_unref
FNDA:11,monitor_new
FNDA:3,monitor_emit_peer_removed
FNDA:25,assemble_unit_state_changed_signal
FNDA:22,subscription_add_unit
FNDA:11,monitor_ref
FNDA:42,subscription_has_node_wildcard
FNDA:110,assemble_unit_property_changed_signal
FNDA:18,assemble_unit_new_signal
FNF:30
FNH:30
DA:15,21
DA:16,21
DA:18,42
DA:19,21
DA:23,21
DA:24,21
DA:25,21
DA:26,21
DA:27,21
DA:29,21
DA:30,21
DA:37,10
DA:38,10
DA:39,10
DA:43,10
DA:44,10
DA:46,10
DA:47,10
DA:48,10
DA:49,10
DA:51,10
DA:54,22
DA:55,22
DA:56,22
DA:57,22
DA:60,22
DA:61,22
DA:62,0
DA:63,0
DA:65,22
DA:66,22
DA:71,42
DA:72,42
DA:75,31
DA:76,31
DA:77,31
DA:80,52
DA:81,52
DA:82,52
DA:86,21
DA:87,10
DA:90,21
DA:91,21
DA:92,43
DA:93,22
DA:94,22
DA:95,22
DA:98,21
DA:99,21
DA:141,11
DA:142,11
DA:143,22
DA:144,11
DA:148,11
DA:149,11
DA:150,11
DA:151,11
DA:152,11
DA:153,11
DA:155,11
DA:156,11
DA:160,11
DA:161,11
DA:168,22
DA:169,22
DA:170,10
DA:173,33
DA:174,33
DA:175,33
DA:179,11
DA:180,11
DA:181,11
DA:182,11
DA:185,11
DA:186,11
DA:188,22
DA:191,11
DA:195,11
DA:196,0
DA:197,0
DA:203,11
DA:204,11
DA:206,11
DA:207,11
DA:208,20
DA:209,9
DA:210,9
DA:211,9
DA:214,11
DA:215,11
DA:216,13
DA:217,2
DA:218,2
DA:219,2
DA:220,2
DA:223,11
DA:224,11
DA:225,11
DA:231,1
DA:232,1
DA:233,1
DA:236,1
DA:237,0
DA:240,1
DA:241,1
DA:243,1
DA:250,9
DA:251,9
DA:252,9
DA:253,9
DA:254,9
DA:256,9
DA:257,9
DA:258,0
DA:265,18
DA:266,9
DA:267,0
DA:274,9
DA:275,0
DA:279,9
DA:280,9
DA:282,9
DA:289,1
DA:290,1
DA:291,1
DA:293,1
DA:294,1
DA:295,1
DA:296,0
DA:303,2
DA:304,1
DA:305,0
DA:312,1
DA:313,1
DA:314,0
DA:321,3
DA:322,2
DA:323,2
DA:324,2
DA:325,0
DA:332,2
DA:333,0
DA:341,1
DA:342,1
DA:343,0
DA:350,1
DA:351,1
DA:353,1
DA:360,1
DA:361,1
DA:362,1
DA:363,1
DA:364,1
DA:365,1
DA:368,0
DA:370,0
DA:373,1
DA:374,1
DA:375,1
DA:376,1
DA:378,1
DA:379,1
DA:380,0
DA:387,1
DA:388,1
DA:389,0
DA:393,1
DA:394,1
DA:395,1
DA:397,1
DA:404,3
DA:405,3
DA:407,3
DA:408,3
DA:411,3
DA:412,3
DA:413,0
DA:414,0
DA:416,3
DA:418,3
DA:420,3
DA:421,3
DA:424,5
DA:425,5
DA:429,4
DA:430,4
DA:431,4
DA:432,1
DA:436,3
DA:438,3
DA:441,5
DA:442,5
DA:444,5
DA:446,5
DA:447,5
DA:448,0
DA:455,5
DA:456,0
DA:463,5
DA:464,2
DA:468,3
DA:469,3
DA:470,0
DA:474,3
DA:481,1
DA:482,1
DA:483,1
DA:484,1
DA:485,1
DA:486,1
DA:489,0
DA:491,0
DA:494,1
DA:495,1
DA:497,1
DA:498,1
DA:500,1
DA:501,1
DA:502,0
DA:509,1
DA:510,1
DA:511,0
DA:515,1
DA:516,1
DA:517,1
DA:518,1
DA:520,1
DA:521,1
DA:543,94
DA:545,94
DA:546,94
DA:548,94
DA:549,188
DA:551,94
DA:552,94
DA:553,94
DA:554,94
DA:555,0
DA:559,94
DA:563,94
DA:564,94
DA:565,94
DA:566,16
DA:567,16
DA:568,16
DA:569,16
DA:570,0
DA:575,126
DA:580,94
DA:583,16
DA:584,16
DA:585,16
DA:587,16
DA:588,32
DA:590,16
DA:591,16
DA:592,16
DA:593,16
DA:594,0
DA:598,16
DA:602,16
DA:603,16
DA:604,16
DA:605,2
DA:606,2
DA:607,2
DA:608,2
DA:609,0
DA:614,20
DA:619,16
DA:622,21
DA:629,21
DA:630,21
DA:632,21
DA:633,42
DA:635,21
DA:636,21
DA:637,21
DA:638,21
DA:639,0
DA:643,21
DA:647,21
DA:648,21
DA:649,21
DA:650,4
DA:651,4
DA:652,4
DA:653,4
DA:654,0
DA:659,29
DA:664,21
DA:667,11
DA:668,11
DA:669,11
DA:671,11
DA:672,22
DA:674,11
DA:675,11
DA:676,11
DA:677,11
DA:678,0
DA:682,11
DA:686,11
DA:687,11
DA:688,11
DA:689,2
DA:690,2
DA:691,2
DA:692,2
DA:693,0
DA:698,15
DA:703,11
DA:707,18
DA:709,18
DA:711,18
DA:712,36
DA:713,18
DA:714,18
DA:715,0
DA:721,18
DA:722,18
DA:723,0
DA:729,18
DA:732,13
DA:734,13
DA:736,13
DA:737,26
DA:738,13
DA:739,13
DA:740,0
DA:746,13
DA:747,13
DA:748,0
DA:754,13
DA:757,110
DA:759,110
DA:761,110
DA:762,220
DA:763,110
DA:764,110
DA:765,0
DA:771,110
DA:772,110
DA:773,0
DA:779,110
DA:780,110
DA:781,0
DA:787,110
DA:788,110
DA:789,0
DA:795,110
DA:796,110
DA:797,0
DA:803,110
DA:806,25
DA:813,25
DA:815,25
DA:816,50
DA:817,25
DA:818,25
DA:819,0
DA:825,25
DA:826,25
DA:827,0
DA:833,25
DA:836,3
DA:837,3
DA:838,3
DA:840,3
DA:841,6
DA:842,3
DA:843,3
DA:844,0
DA:850,3
DA:851,3
DA:852,0
DA:858,3
DA:859,3
DA:860,0
LF:379
LH:330
end_of_record
TN:
SF:/usr/src/debug/bluechi-0.7.0-0.202401051251.gitcbcd280.el9.x86_64/src/manager/monitor.h
FNF:0
FNH:0
DA:54,10
DA:100,12
LF:2
LH:2
end_of_record
TN:
SF:/usr/src/debug/bluechi-0.7.0-0.202401051251.gitcbcd280.el9.x86_64/src/manager/node.c
FN:87,proxy_dependency_free
FN:111,unit_subscriptions_clear
FN:118,unit_subscriptions_hash
FN:123,unit_subscriptions_compare
FN:131,node_new
FN:177,node_ref
FN:182,node_unref
FN:211,node_shutdown
FN:220,node_export
FN:256,node_has_agent
FN:260,node_is_online
FN:265,subscription_hashmap_hash
FN:270,subscription_hashmap_compare
FN:279,node_compute_unique_monitor_subscriptions
FN:329,node_match_job_state_changed
FN:345,node_match_unit_properties_changed
FN:377,node_match_unit_new
FN:416,node_match_unit_state_changed
FN:456,node_match_unit_removed
FN:489,node_match_job_done
FN:505,node_match_heartbeat
FN:516,node_find_proxy_monitor
FN:528,node_on_match_proxy_new
FN:585,node_remove_proxy_monitor
FN:596,node_on_match_proxy_removed
FN:621,node_set_agent_bus
FN:810,node_unset_agent_bus
FN:835,node_method_register
FN:886,node_disconnected
FN:983,node_property_get_nodename
FN:996,node_get_status
FN:1003,node_property_get_status
FN:1016,node_property_get_last_seen
FN:1030,agent_request_ref
FN:1035,agent_request_unref
FN:1053,node_create_request
FN:1091,agent_request_callback
FN:1102,agent_request_cancel
FN:1111,agent_request_start
FN:1129,node_request_list_units
FN:1152,method_list_units_callback
FN:1182,node_method_list_units
FN:1206,node_method_set_unit_properties_callback
FN:1228,node_method_set_unit_properties
FN:1289,node_method_passthrough_to_agent_callback
FN:1319,node_method_passthrough_to_agent
FN:1374,job_setup_unref
FN:1388,job_setup_new
FN:1404,unit_lifecycle_method_callback
FN:1421,node_run_unit_lifecycle_method
FN:1491,node_method_start_unit
FN:1500,node_method_stop_unit
FN:1508,node_method_restart_unit
FN:1516,node_method_reload_unit
FN:1524,node_method_set_log_level
FN:1569,send_agent_simple_message
FN:1592,node_send_agent_subscribe
FN:1604,node_send_agent_unsubscribe
FN:1616,node_send_agent_subscribe_all
FN:1626,node_subscribe
FN:1688,node_unsubscribe
FN:1732,node_start_proxy_dependency
FN:1745,node_start_proxy_dependency_all
FN:1752,node_stop_proxy_dependency
FN:1765,node_find_proxy_dependency
FN:1776,node_add_proxy_dependency
FN:1807,node_remove_proxy_dependency
FN:1827,node_method_get_unit_uint64_property_sync
FN:1870,node_enable_metrics
FN:1885,node_disable_metrics
FNDA:9,node_on_match_proxy_removed
FNDA:0,subscription_hashmap_compare
FNDA:33,node_match_job_done
FNDA:277,node_new
FNDA:123,node_start_proxy_dependency_all
FNDA:13,node_match_unit_removed
FNDA:62,node_method_register
FNDA:9,node_method_passthrough_to_agent_callback
FNDA:0,node_method_reload_unit
FNDA:123,node_send_agent_subscribe_all
FNDA:23,node_send_agent_unsubscribe
FNDA:2,node_method_get_unit_uint64_property_sync
FNDA:1,node_method_list_units
FNDA:123,node_property_get_status
FNDA:0,node_disable_metrics
FNDA:11,node_on_match_proxy_new
FNDA:24,node_send_agent_subscribe
FNDA:69,send_agent_simple_message
FNDA:47,agent_request_start
FNDA:23,unit_subscriptions_clear
FNDA:0,node_method_set_log_level
FNDA:26,node_match_unit_new
FNDA:1,node_enable_metrics
FNDA:25,node_method_start_unit
FNDA:1,node_method_restart_unit
FNDA:215,node_export
FNDA:47,agent_request_callback
FNDA:677,unit_subscriptions_hash
FNDA:123,node_set_agent_bus
FNDA:1,node_method_set_unit_properties_callback
FNDA:11,node_remove_proxy_monitor
FNDA:11,node_add_proxy_dependency
FNDA:10,node_stop_proxy_dependency
FNDA:11,node_start_proxy_dependency
FNDA:23,node_unsubscribe
FNDA:246,subscription_hashmap_hash
FNDA:47,node_create_request
FNDA:168,node_match_unit_properties_changed
FNDA:36,job_setup_new
FNDA:0,node_property_get_nodename
FNDA:0,node_is_online
FNDA:60,node_disconnected
FNDA:397,node_unset_agent_bus
FNDA:335,node_unref
FNDA:1,node_match_job_state_changed
FNDA:20,node_match_heartbeat
FNDA:246,node_compute_unique_monitor_subscriptions
FNDA:36,node_run_unit_lifecycle_method
FNDA:22,node_find_proxy_dependency
FNDA:10,proxy_dependency_free
FNDA:276,node_shutdown
FNDA:72,job_setup_unref
FNDA:0,agent_request_ref
FNDA:0,agent_request_cancel
FNDA:37,node_match_unit_state_changed
FNDA:11,node_ref
FNDA:1,node_request_list_units
FNDA:385,unit_subscriptions_compare
FNDA:20,node_find_proxy_monitor
FNDA:1,node_method_set_unit_properties
FNDA:94,agent_request_unref
FNDA:23,node_subscribe
FNDA:11,node_remove_proxy_dependency
FNDA:10,node_method_stop_unit
FNDA:9,node_method_passthrough_to_agent
FNDA:1,method_list_units_callback
FNDA:2,node_get_status
FNDA:4,node_property_get_last_seen
FNDA:36,unit_lifecycle_method_callback
FNDA:47,node_has_agent
FNF:70
FNH:62
DA:87,10
DA:88,10
DA:89,10
DA:90,10
DA:111,23
DA:112,23
DA:113,23
DA:114,23
DA:115,23
DA:116,23
DA:118,677
DA:119,677
DA:120,677
DA:123,385
DA:124,385
DA:125,385
DA:127,385
DA:131,277
DA:132,277
DA:133,277
DA:137,277
DA:138,277
DA:139,277
DA:140,277
DA:141,277
DA:142,277
DA:144,277
DA:153,277
DA:157,277
DA:159,277
DA:160,277
DA:161,215
DA:162,215
DA:166,215
DA:167,215
DA:172,277
DA:174,277
DA:177,58
DA:178,58
DA:179,58
DA:182,335
DA:183,335
DA:184,335
DA:188,277
DA:189,277
DA:190,277
DA:191,0
DA:195,277
DA:196,277
DA:197,277
DA:198,0
DA:201,277
DA:203,277
DA:204,277
DA:206,277
DA:207,277
DA:208,277
DA:211,276
DA:212,276
DA:213,276
DA:214,276
DA:215,276
DA:216,0
DA:218,276
DA:220,215
DA:221,215
DA:223,215
DA:225,430
DA:226,215
DA:227,215
DA:228,0
DA:229,0
DA:256,577
DA:257,577
DA:260,0
DA:261,0
DA:265,246
DA:266,246
DA:267,246
DA:270,0
DA:271,0
DA:272,0
DA:273,0
DA:274,0
DA:279,246
DA:280,246
DA:282,246
DA:283,246
DA:286,246
DA:287,246
DA:288,246
DA:289,208
DA:290,208
DA:291,416
DA:292,208
DA:293,208
DA:294,208
DA:295,0
DA:297,0
DA:298,0
DA:299,0
DA:305,246
DA:306,238
DA:307,238
DA:308,238
DA:309,38
DA:310,38
DA:311,76
DA:312,38
DA:313,38
DA:314,38
DA:315,0
DA:317,0
DA:318,0
DA:319,0
DA:329,1
DA:330,1
DA:331,1
DA:332,1
DA:333,1
DA:335,1
DA:336,1
DA:337,0
DA:338,0
DA:341,1
DA:345,168
DA:346,168
DA:347,168
DA:348,168
DA:350,168
DA:351,168
DA:352,168
DA:354,168
DA:355,0
DA:356,0
DA:359,168
DA:360,168
DA:361,168
DA:362,168
DA:363,504
DA:364,168
DA:365,168
DA:366,168
DA:367,0
DA:370,168
DA:377,26
DA:378,26
DA:379,26
DA:380,26
DA:382,26
DA:383,26
DA:384,0
DA:385,0
DA:388,26
DA:389,26
DA:390,26
DA:391,24
DA:392,24
DA:393,6
DA:394,6
DA:395,6
DA:399,26
DA:400,26
DA:401,26
DA:402,26
DA:403,78
DA:404,26
DA:405,26
DA:406,26
DA:407,0
DA:410,26
DA:416,37
DA:417,37
DA:418,37
DA:419,37
DA:420,37
DA:421,37
DA:423,37
DA:424,37
DA:425,0
DA:426,0
DA:429,37
DA:430,37
DA:431,37
DA:432,33
DA:433,33
DA:434,33
DA:435,33
DA:438,37
DA:439,37
DA:440,37
DA:441,37
DA:442,111
DA:443,37
DA:444,74
DA:445,37
DA:446,37
DA:447,0
DA:450,37
DA:456,13
DA:457,13
DA:458,13
DA:460,13
DA:461,13
DA:462,0
DA:463,0
DA:466,13
DA:467,13
DA:468,13
DA:469,11
DA:472,13
DA:473,13
DA:474,13
DA:475,13
DA:476,39
DA:477,13
DA:478,13
DA:479,13
DA:480,0
DA:483,13
DA:489,33
DA:490,33
DA:491,33
DA:492,33
DA:493,33
DA:495,33
DA:496,33
DA:497,0
DA:498,0
DA:501,33
DA:505,20
DA:506,20
DA:508,20
DA:509,20
DA:510,0
DA:511,0
DA:516,20
DA:517,20
DA:518,20
DA:519,9
DA:520,9
DA:521,9
DA:528,11
DA:529,11
DA:530,11
DA:532,11
DA:533,11
DA:534,11
DA:536,11
DA:537,11
DA:538,0
DA:539,0
DA:541,11
DA:546,22
DA:548,11
DA:549,0
DA:553,11
DA:554,11
DA:555,0
DA:556,0
DA:560,11
DA:561,11
DA:562,0
DA:565,0
DA:568,11
DA:569,11
DA:570,0
DA:571,0
DA:577,11
DA:578,11
DA:585,11
DA:586,11
DA:588,11
DA:590,11
DA:591,11
DA:593,11
DA:594,11
DA:596,9
DA:597,9
DA:598,9
DA:599,9
DA:601,9
DA:602,9
DA:603,0
DA:604,0
DA:606,9
DA:611,9
DA:612,9
DA:613,0
DA:614,0
DA:617,9
DA:621,123
DA:622,123
DA:624,123
DA:625,0
DA:626,0
DA:629,123
DA:630,123
DA:633,62
DA:640,62
DA:641,0
DA:642,0
DA:643,0
DA:647,61
DA:656,61
DA:657,0
DA:658,0
DA:661,61
DA:670,61
DA:671,0
DA:672,0
DA:675,61
DA:684,61
DA:685,0
DA:686,0
DA:689,61
DA:698,61
DA:699,0
DA:700,0
DA:703,61
DA:712,61
DA:713,0
DA:714,0
DA:717,61
DA:726,61
DA:727,0
DA:728,0
DA:731,61
DA:740,61
DA:741,0
DA:742,0
DA:745,61
DA:754,61
DA:755,0
DA:756,0
DA:759,122
DA:760,61
DA:761,61
DA:762,0
DA:765,61
DA:774,61
DA:775,0
DA:776,0
DA:780,123
DA:790,123
DA:791,0
DA:792,0
DA:793,0
DA:796,123
DA:802,123
DA:805,123
DA:807,123
DA:810,397
DA:811,397
DA:813,397
DA:814,397
DA:816,397
DA:817,397
DA:819,397
DA:820,397
DA:822,397
DA:823,397
DA:825,397
DA:826,122
DA:827,61
DA:828,61
DA:829,2
DA:832,397
DA:835,62
DA:836,62
DA:837,62
DA:838,62
DA:839,62
DA:842,62
DA:843,0
DA:847,62
DA:848,62
DA:849,0
DA:853,62
DA:854,62
DA:855,1
DA:858,61
DA:859,0
DA:863,61
DA:864,61
DA:865,61
DA:869,123
DA:870,61
DA:871,0
DA:875,61
DA:876,0
DA:879,61
DA:881,61
DA:883,61
DA:886,60
DA:887,60
DA:888,60
DA:889,60
DA:890,60
DA:893,61
DA:894,1
DA:895,1
DA:897,1
DA:898,0
DA:901,1
DA:903,1
DA:904,1
DA:905,1
DA:906,1
DA:909,1
DA:911,1
DA:912,0
DA:913,2
DA:914,1
DA:915,1
DA:917,1
DA:918,1
DA:919,3
DA:920,1
DA:921,3
DA:923,1
DA:924,1
DA:926,1
DA:928,1
DA:929,0
DA:932,1
DA:937,1
DA:938,1
DA:940,1
DA:941,1
DA:942,3
DA:943,1
DA:944,1
DA:945,1
DA:946,0
DA:949,1
DA:953,60
DA:954,60
DA:955,62
DA:956,2
DA:960,60
DA:961,1
DA:962,1
DA:964,59
DA:966,59
DA:968,4
DA:969,4
DA:970,2
DA:971,2
DA:972,2
DA:973,2
DA:977,59
DA:980,60
DA:983,0
DA:991,0
DA:993,0
DA:996,125
DA:997,2
DA:998,65
DA:1003,123
DA:1011,123
DA:1013,187
DA:1016,4
DA:1024,4
DA:1026,4
DA:1030,47
DA:1031,47
DA:1032,47
DA:1035,94
DA:1036,94
DA:1037,94
DA:1041,47
DA:1042,47
DA:1044,47
DA:1045,47
DA:1047,47
DA:1048,47
DA:1049,47
DA:1050,47
DA:1053,47
DA:1060,47
DA:1061,47
DA:1065,47
DA:1072,47
DA:1073,0
DA:1074,0
DA:1075,0
DA:1078,47
DA:1079,47
DA:1080,47
DA:1081,47
DA:1082,47
DA:1083,47
DA:1084,47
DA:1085,47
DA:1087,47
DA:1088,47
DA:1091,47
DA:1092,47
DA:1093,47
DA:1094,0
DA:1099,47
DA:1102,0
DA:1103,0
DA:1104,0
DA:1105,0
DA:1106,0
DA:1108,0
DA:1111,47
DA:1112,47
DA:1114,47
DA:1121,47
DA:1125,47
DA:1126,47
DA:1129,1
DA:1131,1
DA:1132,1
DA:1135,1
DA:1136,1
DA:1137,1
DA:1141,1
DA:1145,1
DA:1152,1
DA:1153,1
DA:1155,1
DA:1157,0
DA:1160,1
DA:1161,1
DA:1162,1
DA:1163,0
DA:1170,1
DA:1171,1
DA:1172,0
DA:1179,1
DA:1182,1
DA:1183,1
DA:1185,1
DA:1186,0
DA:1190,1
DA:1193,1
DA:1195,1
DA:1196,0
DA:1206,1
DA:1208,1
DA:1210,1
DA:1212,0
DA:1215,1
DA:1216,1
DA:1217,1
DA:1218,0
DA:1225,1
DA:1228,1
DA:1229,1
DA:1230,1
DA:1231,1
DA:1233,1
DA:1234,0
DA:1238,1
DA:1239,1
DA:1240,0
DA:1247,1
DA:1248,1
DA:1253,1
DA:1255,1
DA:1256,0
DA:1258,0
DA:1262,1
DA:1263,1
DA:1264,0
DA:1271,1
DA:1272,1
DA:1273,0
DA:1277,1
DA:1278,1
DA:1279,0
DA:1289,9
DA:1291,9
DA:1293,9
DA:1294,0
DA:1297,9
DA:1298,9
DA:1299,9
DA:1300,0
DA:1307,9
DA:1308,9
DA:1309,0
DA:1316,9
DA:1319,9
DA:1320,9
DA:1322,9
DA:1323,0
DA:1327,9
DA:1328,9
DA:1333,9
DA:1335,9
DA:1336,0
DA:1338,0
DA:1342,9
DA:1343,9
DA:1344,0
DA:1348,9
DA:1349,9
DA:1350,0
DA:1369,36
DA:1370,36
DA:1371,36
DA:1374,72
DA:1375,72
DA:1376,72
DA:1380,36
DA:1381,36
DA:1382,36
DA:1385,36
DA:1388,36
DA:1389,36
DA:1390,36
DA:1394,36
DA:1395,36
DA:1396,36
DA:1397,36
DA:1398,36
DA:1401,36
DA:1404,36
DA:1405,36
DA:1406,36
DA:1407,36
DA:1409,36
DA:1411,0
DA:1414,36
DA:1415,0
DA:1418,36
DA:1421,36
DA:1423,36
DA:1424,36
DA:1425,36
DA:1427,36
DA:1428,0
DA:1432,36
DA:1433,36
DA:1434,0
DA:1441,72
DA:1442,36
DA:1443,0
DA:1446,36
DA:1447,1
DA:1450,36
DA:1451,72
DA:1456,36
DA:1458,36
DA:1459,0
DA:1461,0
DA:1465,36
DA:1466,36
DA:1467,0
DA:1474,36
DA:1475,36
DA:1476,0
DA:1491,25
DA:1492,25
DA:1500,10
DA:1501,10
DA:1508,1
DA:1509,1
DA:1516,0
DA:1517,0
DA:1524,0
DA:1525,0
DA:1526,0
DA:1527,0
DA:1528,0
DA:1530,0
DA:1531,0
DA:1532,0
DA:1538,0
DA:1539,0
DA:1540,0
DA:1541,0
DA:1542,0
DA:1548,0
DA:1558,0
DA:1559,0
DA:1560,0
DA:1566,0
DA:1569,69
DA:1570,69
DA:1571,69
DA:1578,69
DA:1582,69
DA:1583,68
DA:1584,68
DA:1589,69
DA:1592,24
DA:1593,24
DA:1597,24
DA:1598,24
DA:1599,0
DA:1604,23
DA:1605,23
DA:1609,23
DA:1610,23
DA:1611,0
DA:1616,123
DA:1617,123
DA:1618,123
DA:1620,124
DA:1621,1
DA:1622,1
DA:1624,123
DA:1626,23
DA:1627,23
DA:1628,23
DA:1629,47
DA:1630,24
DA:1631,24
DA:1633,24
DA:1634,24
DA:1635,0
DA:1638,24
DA:1640,24
DA:1641,24
DA:1642,23
DA:1643,23
DA:1644,23
DA:1645,0
DA:1646,0
DA:1649,23
DA:1650,23
DA:1651,0
DA:1652,0
DA:1657,23
DA:1659,23
DA:1662,24
DA:1666,24
DA:1667,1
DA:1668,1
DA:1669,0
DA:1672,1
DA:1673,1
DA:1675,1
DA:1676,1
DA:1678,1
DA:1680,1
DA:1681,0
DA:1688,23
DA:1689,23
DA:1690,23
DA:1691,47
DA:1692,24
DA:1693,24
DA:1694,24
DA:1695,24
DA:1696,24
DA:1702,24
DA:1703,24
DA:1704,0
DA:1707,24
DA:1708,24
DA:1714,24
DA:1715,0
DA:1718,24
DA:1719,24
DA:1721,24
DA:1723,23
DA:1724,23
DA:1725,23
DA:1726,23
DA:1730,23
DA:1732,11
DA:1733,11
DA:1737,11
DA:1739,11
DA:1740,11
DA:1741,0
DA:1745,123
DA:1746,123
DA:1747,123
DA:1748,0
DA:1750,123
DA:1752,10
DA:1753,10
DA:1757,10
DA:1759,10
DA:1760,10
DA:1761,0
DA:1765,22
DA:1766,22
DA:1767,22
DA:1768,12
DA:1769,12
DA:1776,11
DA:1777,11
DA:1779,11
DA:1780,11
DA:1781,1
DA:1784,1
DA:1785,1
DA:1788,21
DA:1789,10
DA:1793,10
DA:1794,10
DA:1798,10
DA:1799,10
DA:1800,10
DA:1802,10
DA:1807,11
DA:1808,11
DA:1809,11
DA:1810,11
DA:1814,11
DA:1816,11
DA:1818,10
DA:1820,10
DA:1821,10
DA:1827,2
DA:1828,2
DA:1829,2
DA:1830,2
DA:1831,2
DA:1843,2
DA:1844,0
DA:1845,0
DA:1849,2
DA:1850,2
DA:1851,0
DA:1855,2
DA:1856,2
DA:1857,0
DA:1861,2
DA:1862,2
DA:1863,0
DA:1870,1
DA:1871,1
DA:1875,1
DA:1876,1
DA:1877,0
DA:1880,1
DA:1881,0
DA:1885,0
DA:1886,0
DA:1890,0
DA:1891,0
DA:1892,0
DA:1895,0
DA:1896,0
LF:844
LH:665
end_of_record
TN:
SF:/usr/src/debug/bluechi-0.7.0-0.202401051251.gitcbcd280.el9.x86_64/src/manager/node.h
FN:101,node_unrefp
FN:103,agent_request_unrefp
FNDA:0,agent_request_unrefp
FNDA:0,node_unrefp
FNF:2
FNH:0
DA:101,277
DA:103,95
LF:2
LH:2
end_of_record
TN:
SF:/usr/src/debug/bluechi-0.7.0-0.202401051251.gitcbcd280.el9.x86_64/src/manager/proxy_monitor.c
FN:10,create_proxy_monitor_subscription
FN:27,proxy_monitor_new
FN:59,proxy_monitor_ref
FN:66,proxy_monitor_unref
FN:86,proxy_monitor_set_target_node
FN:97,proxy_monitor_drop_dep
FN:107,proxy_monitor_close
FN:111,proxy_monitor_on_unit_new
FN:119,proxy_monitor_on_unit_state_changed
FN:139,proxy_monitor_on_unit_removed
FN:147,proxy_monitor_on_unit_property_changed
FN:156,proxy_monitor_send_error_callback
FN:168,proxy_monitor_send_error
FN:189,proxy_monitor_send_state_changed_callback
FN:202,proxy_monitor_send_state_changed
FN:226,proxy_monitor_send_new_callback
FN:238,proxy_monitor_send_new
FN:259,proxy_monitor_send_removed_callback
FN:271,proxy_monitor_send_removed
FNDA:3,proxy_monitor_send_removed_callback
FNDA:3,proxy_monitor_send_removed
FNDA:11,proxy_monitor_close
FNDA:11,proxy_monitor_send_new_callback
FNDA:3,proxy_monitor_on_unit_removed
FNDA:11,proxy_monitor_send_new
FNDA:11,proxy_monitor_new
FNDA:74,proxy_monitor_on_unit_property_changed
FNDA:0,proxy_monitor_send_error
FNDA:11,create_proxy_monitor_subscription
FNDA:11,proxy_monitor_ref
FNDA:18,proxy_monitor_send_state_changed
FNDA:0,proxy_monitor_send_error_callback
FNDA:11,proxy_monitor_on_unit_new
FNDA:22,proxy_monitor_drop_dep
FNDA:11,proxy_monitor_set_target_node
FNDA:54,proxy_monitor_unref
FNDA:18,proxy_monitor_on_unit_state_changed
FNDA:18,proxy_monitor_send_state_changed_callback
FNF:19
FNH:17
DA:10,11
DA:11,11
DA:12,11
DA:16,11
DA:17,11
DA:19,11
DA:20,11
DA:21,11
DA:22,11
DA:24,11
DA:27,11
DA:29,11
DA:30,11
DA:34,11
DA:35,11
DA:37,11
DA:38,11
DA:42,11
DA:43,11
DA:47,11
DA:48,11
DA:52,11
DA:59,43
DA:60,43
DA:61,43
DA:66,54
DA:67,54
DA:68,54
DA:72,11
DA:73,11
DA:74,11
DA:77,11
DA:78,11
DA:81,11
DA:82,11
DA:83,11
DA:86,11
DA:87,11
DA:89,11
DA:90,11
DA:93,11
DA:94,11
DA:97,22
DA:98,22
DA:99,11
DA:100,11
DA:101,0
DA:103,11
DA:105,22
DA:107,11
DA:108,11
DA:109,11
DA:111,11
DA:113,11
DA:114,11
DA:115,11
DA:116,11
DA:119,18
DA:126,18
DA:128,18
DA:134,18
DA:136,18
DA:139,3
DA:141,3
DA:142,3
DA:143,3
DA:144,3
DA:147,74
DA:153,74
DA:156,0
DA:157,0
DA:159,0
DA:160,0
DA:165,0
DA:168,0
DA:169,0
DA:170,0
DA:173,0
DA:177,0
DA:180,0
DA:181,0
DA:187,0
DA:189,18
DA:191,36
DA:193,18
DA:194,0
DA:199,36
DA:202,18
DA:204,36
DA:205,18
DA:208,18
DA:212,18
DA:217,18
DA:218,0
DA:223,18
DA:226,11
DA:227,22
DA:229,11
DA:230,0
DA:235,22
DA:238,11
DA:239,22
DA:240,11
DA:243,11
DA:247,11
DA:250,11
DA:251,0
DA:256,11
DA:259,3
DA:260,6
DA:262,3
DA:263,1
DA:268,6
DA:271,3
DA:272,6
DA:273,3
DA:276,3
DA:280,3
DA:283,3
DA:284,0
DA:289,3
LF:121
LH:102
end_of_record
TN:
SF:/usr/src/debug/bluechi-0.7.0-0.202401051251.gitcbcd280.el9.x86_64/src/manager/proxy_monitor.h
FNF:0
FNH:0
DA:47,43
LF:1
LH:1
end_of_record
TN:
SF:/usr/src/debug/bluechi-0.7.0-0.202401051251.gitcbcd280.el9.x86_64/src/proxy/main.c
FN:35,usage
FN:46,parse_node_unit_opt
FN:72,get_opts
FN:110,call_proxy_method
FN:147,main
FNDA:18,parse_node_unit_opt
FNDA:18,get_opts
FNDA:18,main
FNDA:18,call_proxy_method
FNDA:0,usage
FNF:5
FNH:4
DA:35,0
DA:36,0
DA:44,0
DA:46,18
DA:47,18
DA:51,18
DA:52,18
DA:53,0
DA:54,0
DA:56,18
DA:57,0
DA:58,0
DA:61,18
DA:62,18
DA:64,18
DA:65,0
DA:66,0
DA:72,18
DA:73,18
DA:74,18
DA:75,0
DA:76,0
DA:77,0
DA:78,0
DA:81,0
DA:82,0
DA:84,0
DA:85,0
DA:86,0
DA:87,0
DA:88,0
DA:89,0
DA:90,0
DA:94,18
DA:95,0
DA:96,0
DA:98,18
DA:99,18
DA:101,18
DA:102,0
DA:103,0
DA:110,18
DA:116,0
DA:117,18
DA:118,36
DA:120,18
DA:132,18
DA:133,2
DA:134,2
DA:140,0
DA:142,2
DA:147,18
DA:148,18
DA:149,18
DA:150,18
DA:152,18
DA:153,18
DA:154,18
DA:155,18
DA:159,18
DA:160,18
DA:161,18
DA:163,18
DA:164,18
DA:165,18
DA:166,0
DA:170,18
DA:171,18
DA:172,0
DA:174,18
DA:176,18
DA:177,0
DA:182,18
DA:186,18
DA:187,11
DA:188,7
DA:189,7
DA:192,18
DA:193,2
LF:79
LH:48
end_of_record
